Picked up JAVA_TOOL_OPTIONS: -Xmx2254m
Spark Command: /home/gitpod/.sdkman/candidates/java/current/bin/java -cp /workspace/cassandra.realtime/spark/spark-3.0.1-bin-hadoop2.7/conf/:/workspace/cassandra.realtime/spark/spark-3.0.1-bin-hadoop2.7/jars/* -Xmx1g org.apache.spark.deploy.worker.Worker --webui-port 8081 spark://ws-b8a36d83-41af-40e1-a58b-3cfc68940859:7077
========================================
Picked up JAVA_TOOL_OPTIONS: -Xmx2254m
Using Spark's default log4j profile: org/apache/spark/log4j-defaults.properties
20/11/15 19:40:55 INFO Worker: Started daemon with process name: 4924@ws-b8a36d83-41af-40e1-a58b-3cfc68940859
20/11/15 19:40:55 INFO SignalUtils: Registered signal handler for TERM
20/11/15 19:40:55 INFO SignalUtils: Registered signal handler for HUP
20/11/15 19:40:55 INFO SignalUtils: Registered signal handler for INT
WARNING: An illegal reflective access operation has occurred
WARNING: Illegal reflective access by org.apache.spark.unsafe.Platform (file:/workspace/cassandra.realtime/spark/spark-3.0.1-bin-hadoop2.7/jars/spark-unsafe_2.12-3.0.1.jar) to constructor java.nio.DirectByteBuffer(long,int)
WARNING: Please consider reporting this to the maintainers of org.apache.spark.unsafe.Platform
WARNING: Use --illegal-access=warn to enable warnings of further illegal reflective access operations
WARNING: All illegal access operations will be denied in a future release
20/11/15 19:40:56 WARN NativeCodeLoader: Unable to load native-hadoop library for your platform... using builtin-java classes where applicable
20/11/15 19:40:56 INFO SecurityManager: Changing view acls to: gitpod
20/11/15 19:40:56 INFO SecurityManager: Changing modify acls to: gitpod
20/11/15 19:40:56 INFO SecurityManager: Changing view acls groups to: 
20/11/15 19:40:56 INFO SecurityManager: Changing modify acls groups to: 
20/11/15 19:40:56 INFO SecurityManager: SecurityManager: authentication disabled; ui acls disabled; users  with view permissions: Set(gitpod); groups with view permissions: Set(); users  with modify permissions: Set(gitpod); groups with modify permissions: Set()
20/11/15 19:40:57 INFO Utils: Successfully started service 'sparkWorker' on port 38861.
20/11/15 19:40:57 INFO Worker: Starting Spark worker 10.8.7.145:38861 with 5 cores, 58.0 GiB RAM
20/11/15 19:40:57 INFO Worker: Running Spark version 3.0.1
20/11/15 19:40:57 INFO Worker: Spark home: /workspace/cassandra.realtime/spark/spark-3.0.1-bin-hadoop2.7
20/11/15 19:40:57 INFO ResourceUtils: ==============================================================
20/11/15 19:40:57 INFO ResourceUtils: Resources for spark.worker:

20/11/15 19:40:57 INFO ResourceUtils: ==============================================================
20/11/15 19:40:57 WARN Utils: Service 'WorkerUI' could not bind on port 8081. Attempting port 8082.
20/11/15 19:40:57 WARN Utils: Service 'WorkerUI' could not bind on port 8082. Attempting port 8083.
20/11/15 19:40:57 WARN Utils: Service 'WorkerUI' could not bind on port 8083. Attempting port 8084.
20/11/15 19:40:57 INFO Utils: Successfully started service 'WorkerUI' on port 8084.
20/11/15 19:40:57 INFO WorkerWebUI: Bound WorkerWebUI to 0.0.0.0, and started at http://ws-b8a36d83-41af-40e1-a58b-3cfc68940859:8084
20/11/15 19:40:57 INFO Worker: Connecting to master ws-b8a36d83-41af-40e1-a58b-3cfc68940859:7077...
20/11/15 19:40:58 INFO TransportClientFactory: Successfully created connection to ws-b8a36d83-41af-40e1-a58b-3cfc68940859/10.8.7.145:7077 after 49 ms (0 ms spent in bootstraps)
20/11/15 19:40:58 INFO Worker: Successfully registered with master spark://ws-b8a36d83-41af-40e1-a58b-3cfc68940859:7077
20/11/15 19:52:53 INFO Worker: Asked to launch executor app-20201115195253-0000/0 for Spark shell
20/11/15 19:52:53 INFO SecurityManager: Changing view acls to: gitpod
20/11/15 19:52:53 INFO SecurityManager: Changing modify acls to: gitpod
20/11/15 19:52:53 INFO SecurityManager: Changing view acls groups to: 
20/11/15 19:52:53 INFO SecurityManager: Changing modify acls groups to: 
20/11/15 19:52:53 INFO SecurityManager: SecurityManager: authentication disabled; ui acls disabled; users  with view permissions: Set(gitpod); groups with view permissions: Set(); users  with modify permissions: Set(gitpod); groups with modify permissions: Set()
20/11/15 19:52:53 INFO ExecutorRunner: Launch command: "/home/gitpod/.sdkman/candidates/java/current/bin/java" "-cp" "/workspace/cassandra.realtime/spark/spark-3.0.1-bin-hadoop2.7/conf/:/workspace/cassandra.realtime/spark/spark-3.0.1-bin-hadoop2.7/jars/*" "-Xmx1024M" "-Dspark.driver.port=38415" "org.apache.spark.executor.CoarseGrainedExecutorBackend" "--driver-url" "spark://CoarseGrainedScheduler@ws-b8a36d83-41af-40e1-a58b-3cfc68940859:38415" "--executor-id" "0" "--hostname" "10.8.7.145" "--cores" "5" "--app-id" "app-20201115195253-0000" "--worker-url" "spark://Worker@10.8.7.145:38861"
20/11/15 19:53:05 INFO Worker: Asked to kill executor app-20201115195253-0000/0
20/11/15 19:53:05 INFO ExecutorRunner: Runner thread for executor app-20201115195253-0000/0 interrupted
20/11/15 19:53:05 INFO ExecutorRunner: Killing process!
20/11/15 19:53:05 INFO Worker: Executor app-20201115195253-0000/0 finished with state KILLED exitStatus 0
20/11/15 19:53:05 INFO ExternalShuffleBlockResolver: Clean up non-shuffle and non-RDD files associated with the finished executor 0
20/11/15 19:53:05 INFO ExternalShuffleBlockResolver: Executor is not registered (appId=app-20201115195253-0000, execId=0)
20/11/15 19:53:05 INFO ExternalShuffleBlockResolver: Application app-20201115195253-0000 removed, cleanupLocalDirs = true
20/11/15 19:53:05 INFO Worker: Cleaning up local directories for application app-20201115195253-0000
20/11/15 19:53:52 INFO Worker: Asked to launch executor app-20201115195352-0001/0 for Leaves
20/11/15 19:53:52 INFO SecurityManager: Changing view acls to: gitpod
20/11/15 19:53:52 INFO SecurityManager: Changing modify acls to: gitpod
20/11/15 19:53:52 INFO SecurityManager: Changing view acls groups to: 
20/11/15 19:53:52 INFO SecurityManager: Changing modify acls groups to: 
20/11/15 19:53:52 INFO SecurityManager: SecurityManager: authentication disabled; ui acls disabled; users  with view permissions: Set(gitpod); groups with view permissions: Set(); users  with modify permissions: Set(gitpod); groups with modify permissions: Set()
20/11/15 19:53:52 INFO ExecutorRunner: Launch command: "/home/gitpod/.sdkman/candidates/java/current/bin/java" "-cp" "/workspace/cassandra.realtime/spark/spark-3.0.1-bin-hadoop2.7/conf/:/workspace/cassandra.realtime/spark/spark-3.0.1-bin-hadoop2.7/jars/*" "-Xmx1024M" "-Dspark.driver.port=45413" "org.apache.spark.executor.CoarseGrainedExecutorBackend" "--driver-url" "spark://CoarseGrainedScheduler@ws-b8a36d83-41af-40e1-a58b-3cfc68940859:45413" "--executor-id" "0" "--hostname" "10.8.7.145" "--cores" "5" "--app-id" "app-20201115195352-0001" "--worker-url" "spark://Worker@10.8.7.145:38861"
20/11/15 19:54:15 INFO Worker: Asked to kill executor app-20201115195352-0001/0
20/11/15 19:54:15 INFO ExecutorRunner: Runner thread for executor app-20201115195352-0001/0 interrupted
20/11/15 19:54:15 INFO ExecutorRunner: Killing process!
20/11/15 19:54:15 INFO Worker: Executor app-20201115195352-0001/0 finished with state KILLED exitStatus 143
20/11/15 19:54:15 INFO ExternalShuffleBlockResolver: Clean up non-shuffle and non-RDD files associated with the finished executor 0
20/11/15 19:54:15 INFO ExternalShuffleBlockResolver: Executor is not registered (appId=app-20201115195352-0001, execId=0)
20/11/15 19:54:15 INFO ExternalShuffleBlockResolver: Application app-20201115195352-0001 removed, cleanupLocalDirs = true
20/11/15 19:54:15 INFO Worker: Cleaning up local directories for application app-20201115195352-0001
20/11/15 19:55:43 INFO Worker: Asked to launch executor app-20201115195543-0002/0 for Leaves
20/11/15 19:55:43 INFO SecurityManager: Changing view acls to: gitpod
20/11/15 19:55:43 INFO SecurityManager: Changing modify acls to: gitpod
20/11/15 19:55:43 INFO SecurityManager: Changing view acls groups to: 
20/11/15 19:55:43 INFO SecurityManager: Changing modify acls groups to: 
20/11/15 19:55:43 INFO SecurityManager: SecurityManager: authentication disabled; ui acls disabled; users  with view permissions: Set(gitpod); groups with view permissions: Set(); users  with modify permissions: Set(gitpod); groups with modify permissions: Set()
20/11/15 19:55:43 INFO ExecutorRunner: Launch command: "/home/gitpod/.sdkman/candidates/java/current/bin/java" "-cp" "/workspace/cassandra.realtime/spark/spark-3.0.1-bin-hadoop2.7/conf/:/workspace/cassandra.realtime/spark/spark-3.0.1-bin-hadoop2.7/jars/*" "-Xmx1024M" "-Dspark.driver.port=41761" "org.apache.spark.executor.CoarseGrainedExecutorBackend" "--driver-url" "spark://CoarseGrainedScheduler@ws-b8a36d83-41af-40e1-a58b-3cfc68940859:41761" "--executor-id" "0" "--hostname" "10.8.7.145" "--cores" "5" "--app-id" "app-20201115195543-0002" "--worker-url" "spark://Worker@10.8.7.145:38861"
20/11/15 19:56:06 INFO Worker: Asked to kill executor app-20201115195543-0002/0
20/11/15 19:56:06 INFO ExecutorRunner: Runner thread for executor app-20201115195543-0002/0 interrupted
20/11/15 19:56:06 INFO ExecutorRunner: Killing process!
20/11/15 19:56:07 INFO Worker: Executor app-20201115195543-0002/0 finished with state KILLED exitStatus 143
20/11/15 19:56:07 INFO ExternalShuffleBlockResolver: Clean up non-shuffle and non-RDD files associated with the finished executor 0
20/11/15 19:56:07 INFO ExternalShuffleBlockResolver: Executor is not registered (appId=app-20201115195543-0002, execId=0)
20/11/15 19:56:07 INFO ExternalShuffleBlockResolver: Application app-20201115195543-0002 removed, cleanupLocalDirs = true
20/11/15 19:56:07 INFO Worker: Cleaning up local directories for application app-20201115195543-0002
20/11/15 19:58:26 INFO Worker: Asked to launch executor app-20201115195826-0003/0 for Leaves
20/11/15 19:58:26 INFO SecurityManager: Changing view acls to: gitpod
20/11/15 19:58:26 INFO SecurityManager: Changing modify acls to: gitpod
20/11/15 19:58:26 INFO SecurityManager: Changing view acls groups to: 
20/11/15 19:58:26 INFO SecurityManager: Changing modify acls groups to: 
20/11/15 19:58:26 INFO SecurityManager: SecurityManager: authentication disabled; ui acls disabled; users  with view permissions: Set(gitpod); groups with view permissions: Set(); users  with modify permissions: Set(gitpod); groups with modify permissions: Set()
20/11/15 19:58:26 INFO ExecutorRunner: Launch command: "/home/gitpod/.sdkman/candidates/java/current/bin/java" "-cp" "/workspace/cassandra.realtime/spark/spark-3.0.1-bin-hadoop2.7/conf/:/workspace/cassandra.realtime/spark/spark-3.0.1-bin-hadoop2.7/jars/*" "-Xmx1024M" "-Dspark.driver.port=45949" "org.apache.spark.executor.CoarseGrainedExecutorBackend" "--driver-url" "spark://CoarseGrainedScheduler@ws-b8a36d83-41af-40e1-a58b-3cfc68940859:45949" "--executor-id" "0" "--hostname" "10.8.7.145" "--cores" "5" "--app-id" "app-20201115195826-0003" "--worker-url" "spark://Worker@10.8.7.145:38861"
20/11/15 19:58:37 INFO Worker: Asked to kill executor app-20201115195826-0003/0
20/11/15 19:58:37 INFO ExecutorRunner: Runner thread for executor app-20201115195826-0003/0 interrupted
20/11/15 19:58:37 INFO ExecutorRunner: Killing process!
20/11/15 19:58:37 INFO Worker: Executor app-20201115195826-0003/0 finished with state KILLED exitStatus 143
20/11/15 19:58:37 INFO ExternalShuffleBlockResolver: Clean up non-shuffle and non-RDD files associated with the finished executor 0
20/11/15 19:58:37 INFO ExternalShuffleBlockResolver: Executor is not registered (appId=app-20201115195826-0003, execId=0)
20/11/15 19:58:37 INFO ExternalShuffleBlockResolver: Application app-20201115195826-0003 removed, cleanupLocalDirs = true
20/11/15 19:58:37 INFO Worker: Cleaning up local directories for application app-20201115195826-0003
20/11/15 20:00:28 INFO Worker: Asked to launch executor app-20201115200028-0004/0 for Leaves
20/11/15 20:00:28 INFO SecurityManager: Changing view acls to: gitpod
20/11/15 20:00:28 INFO SecurityManager: Changing modify acls to: gitpod
20/11/15 20:00:28 INFO SecurityManager: Changing view acls groups to: 
20/11/15 20:00:28 INFO SecurityManager: Changing modify acls groups to: 
20/11/15 20:00:28 INFO SecurityManager: SecurityManager: authentication disabled; ui acls disabled; users  with view permissions: Set(gitpod); groups with view permissions: Set(); users  with modify permissions: Set(gitpod); groups with modify permissions: Set()
20/11/15 20:00:29 INFO ExecutorRunner: Launch command: "/home/gitpod/.sdkman/candidates/java/current/bin/java" "-cp" "/workspace/cassandra.realtime/spark/spark-3.0.1-bin-hadoop2.7/conf/:/workspace/cassandra.realtime/spark/spark-3.0.1-bin-hadoop2.7/jars/*" "-Xmx1024M" "-Dspark.driver.port=45523" "org.apache.spark.executor.CoarseGrainedExecutorBackend" "--driver-url" "spark://CoarseGrainedScheduler@ws-b8a36d83-41af-40e1-a58b-3cfc68940859:45523" "--executor-id" "0" "--hostname" "10.8.7.145" "--cores" "5" "--app-id" "app-20201115200028-0004" "--worker-url" "spark://Worker@10.8.7.145:38861"
20/11/15 20:00:39 INFO Worker: Asked to kill executor app-20201115200028-0004/0
20/11/15 20:00:39 INFO ExecutorRunner: Runner thread for executor app-20201115200028-0004/0 interrupted
20/11/15 20:00:39 INFO ExecutorRunner: Killing process!
20/11/15 20:00:39 INFO Worker: Executor app-20201115200028-0004/0 finished with state KILLED exitStatus 143
20/11/15 20:00:39 INFO ExternalShuffleBlockResolver: Clean up non-shuffle and non-RDD files associated with the finished executor 0
20/11/15 20:00:39 INFO ExternalShuffleBlockResolver: Executor is not registered (appId=app-20201115200028-0004, execId=0)
20/11/15 20:00:39 INFO ExternalShuffleBlockResolver: Application app-20201115200028-0004 removed, cleanupLocalDirs = true
20/11/15 20:00:39 INFO Worker: Cleaning up local directories for application app-20201115200028-0004
20/11/15 20:08:43 INFO Worker: Asked to launch executor app-20201115200843-0005/0 for Leaves
20/11/15 20:08:43 INFO SecurityManager: Changing view acls to: gitpod
20/11/15 20:08:43 INFO SecurityManager: Changing modify acls to: gitpod
20/11/15 20:08:43 INFO SecurityManager: Changing view acls groups to: 
20/11/15 20:08:43 INFO SecurityManager: Changing modify acls groups to: 
20/11/15 20:08:43 INFO SecurityManager: SecurityManager: authentication disabled; ui acls disabled; users  with view permissions: Set(gitpod); groups with view permissions: Set(); users  with modify permissions: Set(gitpod); groups with modify permissions: Set()
20/11/15 20:08:43 INFO ExecutorRunner: Launch command: "/home/gitpod/.sdkman/candidates/java/current/bin/java" "-cp" "/workspace/cassandra.realtime/spark/spark-3.0.1-bin-hadoop2.7/conf/:/workspace/cassandra.realtime/spark/spark-3.0.1-bin-hadoop2.7/jars/*" "-Xmx1024M" "-Dspark.driver.port=45733" "org.apache.spark.executor.CoarseGrainedExecutorBackend" "--driver-url" "spark://CoarseGrainedScheduler@ws-b8a36d83-41af-40e1-a58b-3cfc68940859:45733" "--executor-id" "0" "--hostname" "10.8.7.145" "--cores" "5" "--app-id" "app-20201115200843-0005" "--worker-url" "spark://Worker@10.8.7.145:38861"
20/11/15 20:09:07 INFO Worker: Asked to kill executor app-20201115200843-0005/0
20/11/15 20:09:07 INFO ExecutorRunner: Runner thread for executor app-20201115200843-0005/0 interrupted
20/11/15 20:09:07 INFO ExecutorRunner: Killing process!
20/11/15 20:09:08 INFO Worker: Executor app-20201115200843-0005/0 finished with state KILLED exitStatus 143
20/11/15 20:09:08 INFO ExternalShuffleBlockResolver: Clean up non-shuffle and non-RDD files associated with the finished executor 0
20/11/15 20:09:08 INFO ExternalShuffleBlockResolver: Executor is not registered (appId=app-20201115200843-0005, execId=0)
20/11/15 20:09:08 INFO ExternalShuffleBlockResolver: Application app-20201115200843-0005 removed, cleanupLocalDirs = true
20/11/15 20:09:08 INFO Worker: Cleaning up local directories for application app-20201115200843-0005
20/11/15 20:09:42 INFO Worker: Asked to launch executor app-20201115200942-0006/0 for Leaves
20/11/15 20:09:42 INFO SecurityManager: Changing view acls to: gitpod
20/11/15 20:09:42 INFO SecurityManager: Changing modify acls to: gitpod
20/11/15 20:09:42 INFO SecurityManager: Changing view acls groups to: 
20/11/15 20:09:42 INFO SecurityManager: Changing modify acls groups to: 
20/11/15 20:09:42 INFO SecurityManager: SecurityManager: authentication disabled; ui acls disabled; users  with view permissions: Set(gitpod); groups with view permissions: Set(); users  with modify permissions: Set(gitpod); groups with modify permissions: Set()
20/11/15 20:09:42 INFO ExecutorRunner: Launch command: "/home/gitpod/.sdkman/candidates/java/current/bin/java" "-cp" "/workspace/cassandra.realtime/spark/spark-3.0.1-bin-hadoop2.7/conf/:/workspace/cassandra.realtime/spark/spark-3.0.1-bin-hadoop2.7/jars/*" "-Xmx1024M" "-Dspark.driver.port=43351" "org.apache.spark.executor.CoarseGrainedExecutorBackend" "--driver-url" "spark://CoarseGrainedScheduler@ws-b8a36d83-41af-40e1-a58b-3cfc68940859:43351" "--executor-id" "0" "--hostname" "10.8.7.145" "--cores" "5" "--app-id" "app-20201115200942-0006" "--worker-url" "spark://Worker@10.8.7.145:38861"
20/11/15 20:10:05 INFO Worker: Asked to kill executor app-20201115200942-0006/0
20/11/15 20:10:05 INFO ExecutorRunner: Runner thread for executor app-20201115200942-0006/0 interrupted
20/11/15 20:10:05 INFO ExecutorRunner: Killing process!
20/11/15 20:10:06 INFO Worker: Executor app-20201115200942-0006/0 finished with state KILLED exitStatus 143
20/11/15 20:10:06 INFO ExternalShuffleBlockResolver: Clean up non-shuffle and non-RDD files associated with the finished executor 0
20/11/15 20:10:06 INFO ExternalShuffleBlockResolver: Executor is not registered (appId=app-20201115200942-0006, execId=0)
20/11/15 20:10:06 INFO ExternalShuffleBlockResolver: Application app-20201115200942-0006 removed, cleanupLocalDirs = true
20/11/15 20:10:06 INFO Worker: Cleaning up local directories for application app-20201115200942-0006
20/11/15 20:11:08 INFO Worker: Asked to launch executor app-20201115201108-0007/0 for Leaves
20/11/15 20:11:08 INFO SecurityManager: Changing view acls to: gitpod
20/11/15 20:11:08 INFO SecurityManager: Changing modify acls to: gitpod
20/11/15 20:11:08 INFO SecurityManager: Changing view acls groups to: 
20/11/15 20:11:08 INFO SecurityManager: Changing modify acls groups to: 
20/11/15 20:11:08 INFO SecurityManager: SecurityManager: authentication disabled; ui acls disabled; users  with view permissions: Set(gitpod); groups with view permissions: Set(); users  with modify permissions: Set(gitpod); groups with modify permissions: Set()
20/11/15 20:11:08 INFO ExecutorRunner: Launch command: "/home/gitpod/.sdkman/candidates/java/current/bin/java" "-cp" "/workspace/cassandra.realtime/spark/spark-3.0.1-bin-hadoop2.7/conf/:/workspace/cassandra.realtime/spark/spark-3.0.1-bin-hadoop2.7/jars/*" "-Xmx1024M" "-Dspark.driver.port=34015" "org.apache.spark.executor.CoarseGrainedExecutorBackend" "--driver-url" "spark://CoarseGrainedScheduler@ws-b8a36d83-41af-40e1-a58b-3cfc68940859:34015" "--executor-id" "0" "--hostname" "10.8.7.145" "--cores" "5" "--app-id" "app-20201115201108-0007" "--worker-url" "spark://Worker@10.8.7.145:38861"
20/11/15 20:11:30 INFO Worker: Asked to kill executor app-20201115201108-0007/0
20/11/15 20:11:30 INFO ExecutorRunner: Runner thread for executor app-20201115201108-0007/0 interrupted
20/11/15 20:11:30 INFO ExecutorRunner: Killing process!
20/11/15 20:11:31 INFO Worker: Executor app-20201115201108-0007/0 finished with state KILLED exitStatus 143
20/11/15 20:11:31 INFO ExternalShuffleBlockResolver: Clean up non-shuffle and non-RDD files associated with the finished executor 0
20/11/15 20:11:31 INFO ExternalShuffleBlockResolver: Executor is not registered (appId=app-20201115201108-0007, execId=0)
20/11/15 20:11:31 INFO ExternalShuffleBlockResolver: Application app-20201115201108-0007 removed, cleanupLocalDirs = true
20/11/15 20:11:31 INFO Worker: Cleaning up local directories for application app-20201115201108-0007
20/11/15 20:16:40 INFO Worker: Asked to launch executor app-20201115201640-0008/0 for Leaves
20/11/15 20:16:40 INFO SecurityManager: Changing view acls to: gitpod
20/11/15 20:16:40 INFO SecurityManager: Changing modify acls to: gitpod
20/11/15 20:16:40 INFO SecurityManager: Changing view acls groups to: 
20/11/15 20:16:40 INFO SecurityManager: Changing modify acls groups to: 
20/11/15 20:16:40 INFO SecurityManager: SecurityManager: authentication disabled; ui acls disabled; users  with view permissions: Set(gitpod); groups with view permissions: Set(); users  with modify permissions: Set(gitpod); groups with modify permissions: Set()
20/11/15 20:16:40 INFO ExecutorRunner: Launch command: "/home/gitpod/.sdkman/candidates/java/current/bin/java" "-cp" "/workspace/cassandra.realtime/spark/spark-3.0.1-bin-hadoop2.7/conf/:/workspace/cassandra.realtime/spark/spark-3.0.1-bin-hadoop2.7/jars/*" "-Xmx1024M" "-Dspark.driver.port=44219" "org.apache.spark.executor.CoarseGrainedExecutorBackend" "--driver-url" "spark://CoarseGrainedScheduler@ws-b8a36d83-41af-40e1-a58b-3cfc68940859:44219" "--executor-id" "0" "--hostname" "10.8.7.145" "--cores" "5" "--app-id" "app-20201115201640-0008" "--worker-url" "spark://Worker@10.8.7.145:38861"
20/11/15 20:16:50 INFO Worker: Asked to kill executor app-20201115201640-0008/0
20/11/15 20:16:50 INFO ExecutorRunner: Runner thread for executor app-20201115201640-0008/0 interrupted
20/11/15 20:16:50 INFO ExecutorRunner: Killing process!
20/11/15 20:16:50 INFO Worker: Executor app-20201115201640-0008/0 finished with state KILLED exitStatus 143
20/11/15 20:16:50 INFO ExternalShuffleBlockResolver: Clean up non-shuffle and non-RDD files associated with the finished executor 0
20/11/15 20:16:50 INFO ExternalShuffleBlockResolver: Executor is not registered (appId=app-20201115201640-0008, execId=0)
20/11/15 20:16:50 INFO ExternalShuffleBlockResolver: Application app-20201115201640-0008 removed, cleanupLocalDirs = true
20/11/15 20:16:50 INFO Worker: Cleaning up local directories for application app-20201115201640-0008
20/11/15 20:32:06 INFO Worker: Asked to launch executor app-20201115203206-0009/0 for Leaves
20/11/15 20:32:06 INFO SecurityManager: Changing view acls to: gitpod
20/11/15 20:32:06 INFO SecurityManager: Changing modify acls to: gitpod
20/11/15 20:32:06 INFO SecurityManager: Changing view acls groups to: 
20/11/15 20:32:06 INFO SecurityManager: Changing modify acls groups to: 
20/11/15 20:32:06 INFO SecurityManager: SecurityManager: authentication disabled; ui acls disabled; users  with view permissions: Set(gitpod); groups with view permissions: Set(); users  with modify permissions: Set(gitpod); groups with modify permissions: Set()
20/11/15 20:32:06 INFO ExecutorRunner: Launch command: "/home/gitpod/.sdkman/candidates/java/current/bin/java" "-cp" "/workspace/cassandra.realtime/spark/spark-3.0.1-bin-hadoop2.7/conf/:/workspace/cassandra.realtime/spark/spark-3.0.1-bin-hadoop2.7/jars/*" "-Xmx1024M" "-Dspark.driver.port=41621" "org.apache.spark.executor.CoarseGrainedExecutorBackend" "--driver-url" "spark://CoarseGrainedScheduler@ws-b8a36d83-41af-40e1-a58b-3cfc68940859:41621" "--executor-id" "0" "--hostname" "10.8.7.145" "--cores" "5" "--app-id" "app-20201115203206-0009" "--worker-url" "spark://Worker@10.8.7.145:38861"
20/11/15 20:32:17 INFO Worker: Asked to kill executor app-20201115203206-0009/0
20/11/15 20:32:17 INFO ExecutorRunner: Runner thread for executor app-20201115203206-0009/0 interrupted
20/11/15 20:32:17 INFO ExecutorRunner: Killing process!
20/11/15 20:32:17 INFO Worker: Executor app-20201115203206-0009/0 finished with state KILLED exitStatus 143
20/11/15 20:32:17 INFO ExternalShuffleBlockResolver: Clean up non-shuffle and non-RDD files associated with the finished executor 0
20/11/15 20:32:17 INFO ExternalShuffleBlockResolver: Executor is not registered (appId=app-20201115203206-0009, execId=0)
20/11/15 20:32:17 INFO ExternalShuffleBlockResolver: Application app-20201115203206-0009 removed, cleanupLocalDirs = true
20/11/15 20:32:17 INFO Worker: Cleaning up local directories for application app-20201115203206-0009
20/11/15 20:48:47 INFO Worker: Asked to launch executor app-20201115204847-0010/0 for Leaves
20/11/15 20:48:47 INFO SecurityManager: Changing view acls to: gitpod
20/11/15 20:48:47 INFO SecurityManager: Changing modify acls to: gitpod
20/11/15 20:48:47 INFO SecurityManager: Changing view acls groups to: 
20/11/15 20:48:47 INFO SecurityManager: Changing modify acls groups to: 
20/11/15 20:48:47 INFO SecurityManager: SecurityManager: authentication disabled; ui acls disabled; users  with view permissions: Set(gitpod); groups with view permissions: Set(); users  with modify permissions: Set(gitpod); groups with modify permissions: Set()
20/11/15 20:48:47 INFO ExecutorRunner: Launch command: "/home/gitpod/.sdkman/candidates/java/current/bin/java" "-cp" "/workspace/cassandra.realtime/spark/spark-3.0.1-bin-hadoop2.7/conf/:/workspace/cassandra.realtime/spark/spark-3.0.1-bin-hadoop2.7/jars/*" "-Xmx1024M" "-Dspark.driver.port=37957" "org.apache.spark.executor.CoarseGrainedExecutorBackend" "--driver-url" "spark://CoarseGrainedScheduler@ws-b8a36d83-41af-40e1-a58b-3cfc68940859:37957" "--executor-id" "0" "--hostname" "10.8.7.145" "--cores" "5" "--app-id" "app-20201115204847-0010" "--worker-url" "spark://Worker@10.8.7.145:38861"
20/11/15 20:49:09 INFO Worker: Asked to kill executor app-20201115204847-0010/0
20/11/15 20:49:09 INFO ExecutorRunner: Runner thread for executor app-20201115204847-0010/0 interrupted
20/11/15 20:49:09 INFO ExecutorRunner: Killing process!
20/11/15 20:49:09 INFO Worker: Executor app-20201115204847-0010/0 finished with state KILLED exitStatus 143
20/11/15 20:49:09 INFO ExternalShuffleBlockResolver: Clean up non-shuffle and non-RDD files associated with the finished executor 0
20/11/15 20:49:09 INFO ExternalShuffleBlockResolver: Executor is not registered (appId=app-20201115204847-0010, execId=0)
20/11/15 20:49:09 INFO ExternalShuffleBlockResolver: Application app-20201115204847-0010 removed, cleanupLocalDirs = true
20/11/15 20:49:09 INFO Worker: Cleaning up local directories for application app-20201115204847-0010
20/11/15 20:50:35 INFO Worker: Asked to launch executor app-20201115205035-0011/0 for Leaves
20/11/15 20:50:35 INFO SecurityManager: Changing view acls to: gitpod
20/11/15 20:50:35 INFO SecurityManager: Changing modify acls to: gitpod
20/11/15 20:50:35 INFO SecurityManager: Changing view acls groups to: 
20/11/15 20:50:35 INFO SecurityManager: Changing modify acls groups to: 
20/11/15 20:50:35 INFO SecurityManager: SecurityManager: authentication disabled; ui acls disabled; users  with view permissions: Set(gitpod); groups with view permissions: Set(); users  with modify permissions: Set(gitpod); groups with modify permissions: Set()
20/11/15 20:50:35 INFO ExecutorRunner: Launch command: "/home/gitpod/.sdkman/candidates/java/current/bin/java" "-cp" "/workspace/cassandra.realtime/spark/spark-3.0.1-bin-hadoop2.7/conf/:/workspace/cassandra.realtime/spark/spark-3.0.1-bin-hadoop2.7/jars/*" "-Xmx1024M" "-Dspark.driver.port=39341" "org.apache.spark.executor.CoarseGrainedExecutorBackend" "--driver-url" "spark://CoarseGrainedScheduler@ws-b8a36d83-41af-40e1-a58b-3cfc68940859:39341" "--executor-id" "0" "--hostname" "10.8.7.145" "--cores" "5" "--app-id" "app-20201115205035-0011" "--worker-url" "spark://Worker@10.8.7.145:38861"
20/11/15 20:50:58 INFO Worker: Asked to kill executor app-20201115205035-0011/0
20/11/15 20:50:58 INFO ExecutorRunner: Runner thread for executor app-20201115205035-0011/0 interrupted
20/11/15 20:50:58 INFO ExecutorRunner: Killing process!
20/11/15 20:50:59 INFO Worker: Executor app-20201115205035-0011/0 finished with state KILLED exitStatus 143
20/11/15 20:50:59 INFO ExternalShuffleBlockResolver: Clean up non-shuffle and non-RDD files associated with the finished executor 0
20/11/15 20:50:59 INFO ExternalShuffleBlockResolver: Executor is not registered (appId=app-20201115205035-0011, execId=0)
20/11/15 20:50:59 INFO Worker: Cleaning up local directories for application app-20201115205035-0011
20/11/15 20:50:59 INFO ExternalShuffleBlockResolver: Application app-20201115205035-0011 removed, cleanupLocalDirs = true
20/11/15 20:54:30 INFO Worker: Asked to launch executor app-20201115205430-0012/0 for Leaves
20/11/15 20:54:30 INFO SecurityManager: Changing view acls to: gitpod
20/11/15 20:54:30 INFO SecurityManager: Changing modify acls to: gitpod
20/11/15 20:54:30 INFO SecurityManager: Changing view acls groups to: 
20/11/15 20:54:30 INFO SecurityManager: Changing modify acls groups to: 
20/11/15 20:54:30 INFO SecurityManager: SecurityManager: authentication disabled; ui acls disabled; users  with view permissions: Set(gitpod); groups with view permissions: Set(); users  with modify permissions: Set(gitpod); groups with modify permissions: Set()
20/11/15 20:54:31 INFO ExecutorRunner: Launch command: "/home/gitpod/.sdkman/candidates/java/current/bin/java" "-cp" "/workspace/cassandra.realtime/spark/spark-3.0.1-bin-hadoop2.7/conf/:/workspace/cassandra.realtime/spark/spark-3.0.1-bin-hadoop2.7/jars/*" "-Xmx1024M" "-Dspark.driver.port=33197" "org.apache.spark.executor.CoarseGrainedExecutorBackend" "--driver-url" "spark://CoarseGrainedScheduler@ws-b8a36d83-41af-40e1-a58b-3cfc68940859:33197" "--executor-id" "0" "--hostname" "10.8.7.145" "--cores" "5" "--app-id" "app-20201115205430-0012" "--worker-url" "spark://Worker@10.8.7.145:38861"
20/11/15 20:54:56 INFO Worker: Asked to kill executor app-20201115205430-0012/0
20/11/15 20:54:56 INFO ExecutorRunner: Runner thread for executor app-20201115205430-0012/0 interrupted
20/11/15 20:54:56 INFO ExecutorRunner: Killing process!
20/11/15 20:54:56 INFO Worker: Executor app-20201115205430-0012/0 finished with state KILLED exitStatus 143
20/11/15 20:54:56 INFO ExternalShuffleBlockResolver: Clean up non-shuffle and non-RDD files associated with the finished executor 0
20/11/15 20:54:56 INFO ExternalShuffleBlockResolver: Executor is not registered (appId=app-20201115205430-0012, execId=0)
20/11/15 20:54:56 INFO Worker: Cleaning up local directories for application app-20201115205430-0012
20/11/15 20:54:56 INFO ExternalShuffleBlockResolver: Application app-20201115205430-0012 removed, cleanupLocalDirs = true
20/11/15 21:02:40 INFO Worker: Asked to launch executor app-20201115210239-0013/0 for Leaves
20/11/15 21:02:40 INFO SecurityManager: Changing view acls to: gitpod
20/11/15 21:02:40 INFO SecurityManager: Changing modify acls to: gitpod
20/11/15 21:02:40 INFO SecurityManager: Changing view acls groups to: 
20/11/15 21:02:40 INFO SecurityManager: Changing modify acls groups to: 
20/11/15 21:02:40 INFO SecurityManager: SecurityManager: authentication disabled; ui acls disabled; users  with view permissions: Set(gitpod); groups with view permissions: Set(); users  with modify permissions: Set(gitpod); groups with modify permissions: Set()
20/11/15 21:02:40 INFO ExecutorRunner: Launch command: "/home/gitpod/.sdkman/candidates/java/current/bin/java" "-cp" "/workspace/cassandra.realtime/spark/spark-3.0.1-bin-hadoop2.7/conf/:/workspace/cassandra.realtime/spark/spark-3.0.1-bin-hadoop2.7/jars/*" "-Xmx1024M" "-Dspark.driver.port=36157" "org.apache.spark.executor.CoarseGrainedExecutorBackend" "--driver-url" "spark://CoarseGrainedScheduler@ws-b8a36d83-41af-40e1-a58b-3cfc68940859:36157" "--executor-id" "0" "--hostname" "10.8.7.145" "--cores" "5" "--app-id" "app-20201115210239-0013" "--worker-url" "spark://Worker@10.8.7.145:38861"
20/11/15 21:03:06 INFO Worker: Asked to kill executor app-20201115210239-0013/0
20/11/15 21:03:06 INFO ExecutorRunner: Runner thread for executor app-20201115210239-0013/0 interrupted
20/11/15 21:03:06 INFO ExecutorRunner: Killing process!
20/11/15 21:03:06 INFO Worker: Executor app-20201115210239-0013/0 finished with state KILLED exitStatus 143
20/11/15 21:03:06 INFO ExternalShuffleBlockResolver: Clean up non-shuffle and non-RDD files associated with the finished executor 0
20/11/15 21:03:06 INFO ExternalShuffleBlockResolver: Executor is not registered (appId=app-20201115210239-0013, execId=0)
20/11/15 21:03:06 INFO Worker: Cleaning up local directories for application app-20201115210239-0013
20/11/15 21:03:06 INFO ExternalShuffleBlockResolver: Application app-20201115210239-0013 removed, cleanupLocalDirs = true
20/11/15 21:05:07 INFO Worker: Asked to launch executor app-20201115210507-0014/0 for Leaves
20/11/15 21:05:07 INFO SecurityManager: Changing view acls to: gitpod
20/11/15 21:05:07 INFO SecurityManager: Changing modify acls to: gitpod
20/11/15 21:05:07 INFO SecurityManager: Changing view acls groups to: 
20/11/15 21:05:07 INFO SecurityManager: Changing modify acls groups to: 
20/11/15 21:05:07 INFO SecurityManager: SecurityManager: authentication disabled; ui acls disabled; users  with view permissions: Set(gitpod); groups with view permissions: Set(); users  with modify permissions: Set(gitpod); groups with modify permissions: Set()
20/11/15 21:05:07 INFO ExecutorRunner: Launch command: "/home/gitpod/.sdkman/candidates/java/current/bin/java" "-cp" "/workspace/cassandra.realtime/spark/spark-3.0.1-bin-hadoop2.7/conf/:/workspace/cassandra.realtime/spark/spark-3.0.1-bin-hadoop2.7/jars/*" "-Xmx1024M" "-Dspark.driver.port=45775" "org.apache.spark.executor.CoarseGrainedExecutorBackend" "--driver-url" "spark://CoarseGrainedScheduler@ws-b8a36d83-41af-40e1-a58b-3cfc68940859:45775" "--executor-id" "0" "--hostname" "10.8.7.145" "--cores" "5" "--app-id" "app-20201115210507-0014" "--worker-url" "spark://Worker@10.8.7.145:38861"
20/11/15 21:05:31 INFO Worker: Asked to kill executor app-20201115210507-0014/0
20/11/15 21:05:31 INFO ExecutorRunner: Runner thread for executor app-20201115210507-0014/0 interrupted
20/11/15 21:05:31 INFO ExecutorRunner: Killing process!
20/11/15 21:05:32 INFO Worker: Executor app-20201115210507-0014/0 finished with state KILLED exitStatus 143
20/11/15 21:05:32 INFO ExternalShuffleBlockResolver: Clean up non-shuffle and non-RDD files associated with the finished executor 0
20/11/15 21:05:32 INFO ExternalShuffleBlockResolver: Executor is not registered (appId=app-20201115210507-0014, execId=0)
20/11/15 21:05:32 INFO ExternalShuffleBlockResolver: Application app-20201115210507-0014 removed, cleanupLocalDirs = true
20/11/15 21:05:32 INFO Worker: Cleaning up local directories for application app-20201115210507-0014
20/11/15 21:06:58 INFO Worker: Asked to launch executor app-20201115210658-0015/0 for Leaves
20/11/15 21:06:58 INFO SecurityManager: Changing view acls to: gitpod
20/11/15 21:06:58 INFO SecurityManager: Changing modify acls to: gitpod
20/11/15 21:06:58 INFO SecurityManager: Changing view acls groups to: 
20/11/15 21:06:58 INFO SecurityManager: Changing modify acls groups to: 
20/11/15 21:06:58 INFO SecurityManager: SecurityManager: authentication disabled; ui acls disabled; users  with view permissions: Set(gitpod); groups with view permissions: Set(); users  with modify permissions: Set(gitpod); groups with modify permissions: Set()
20/11/15 21:06:58 INFO ExecutorRunner: Launch command: "/home/gitpod/.sdkman/candidates/java/current/bin/java" "-cp" "/workspace/cassandra.realtime/spark/spark-3.0.1-bin-hadoop2.7/conf/:/workspace/cassandra.realtime/spark/spark-3.0.1-bin-hadoop2.7/jars/*" "-Xmx1024M" "-Dspark.driver.port=45237" "org.apache.spark.executor.CoarseGrainedExecutorBackend" "--driver-url" "spark://CoarseGrainedScheduler@ws-b8a36d83-41af-40e1-a58b-3cfc68940859:45237" "--executor-id" "0" "--hostname" "10.8.7.145" "--cores" "5" "--app-id" "app-20201115210658-0015" "--worker-url" "spark://Worker@10.8.7.145:38861"
20/11/15 21:07:22 INFO Worker: Asked to kill executor app-20201115210658-0015/0
20/11/15 21:07:22 INFO ExecutorRunner: Runner thread for executor app-20201115210658-0015/0 interrupted
20/11/15 21:07:22 INFO ExecutorRunner: Killing process!
20/11/15 21:07:23 INFO Worker: Executor app-20201115210658-0015/0 finished with state KILLED exitStatus 143
20/11/15 21:07:23 INFO ExternalShuffleBlockResolver: Clean up non-shuffle and non-RDD files associated with the finished executor 0
20/11/15 21:07:23 INFO ExternalShuffleBlockResolver: Executor is not registered (appId=app-20201115210658-0015, execId=0)
20/11/15 21:07:23 INFO ExternalShuffleBlockResolver: Application app-20201115210658-0015 removed, cleanupLocalDirs = true
20/11/15 21:07:23 INFO Worker: Cleaning up local directories for application app-20201115210658-0015
20/11/15 21:16:10 INFO Worker: Asked to launch executor app-20201115211610-0016/0 for Leaves
20/11/15 21:16:10 INFO SecurityManager: Changing view acls to: gitpod
20/11/15 21:16:10 INFO SecurityManager: Changing modify acls to: gitpod
20/11/15 21:16:10 INFO SecurityManager: Changing view acls groups to: 
20/11/15 21:16:10 INFO SecurityManager: Changing modify acls groups to: 
20/11/15 21:16:10 INFO SecurityManager: SecurityManager: authentication disabled; ui acls disabled; users  with view permissions: Set(gitpod); groups with view permissions: Set(); users  with modify permissions: Set(gitpod); groups with modify permissions: Set()
20/11/15 21:16:10 INFO ExecutorRunner: Launch command: "/home/gitpod/.sdkman/candidates/java/current/bin/java" "-cp" "/workspace/cassandra.realtime/spark/spark-3.0.1-bin-hadoop2.7/conf/:/workspace/cassandra.realtime/spark/spark-3.0.1-bin-hadoop2.7/jars/*" "-Xmx1024M" "-Dspark.driver.port=46751" "org.apache.spark.executor.CoarseGrainedExecutorBackend" "--driver-url" "spark://CoarseGrainedScheduler@ws-b8a36d83-41af-40e1-a58b-3cfc68940859:46751" "--executor-id" "0" "--hostname" "10.8.7.145" "--cores" "5" "--app-id" "app-20201115211610-0016" "--worker-url" "spark://Worker@10.8.7.145:38861"
20/11/15 21:16:34 INFO Worker: Asked to kill executor app-20201115211610-0016/0
20/11/15 21:16:34 INFO ExecutorRunner: Runner thread for executor app-20201115211610-0016/0 interrupted
20/11/15 21:16:34 INFO ExecutorRunner: Killing process!
20/11/15 21:16:35 INFO Worker: Executor app-20201115211610-0016/0 finished with state KILLED exitStatus 143
20/11/15 21:16:35 INFO ExternalShuffleBlockResolver: Clean up non-shuffle and non-RDD files associated with the finished executor 0
20/11/15 21:16:35 INFO ExternalShuffleBlockResolver: Executor is not registered (appId=app-20201115211610-0016, execId=0)
20/11/15 21:16:35 INFO ExternalShuffleBlockResolver: Application app-20201115211610-0016 removed, cleanupLocalDirs = true
20/11/15 21:16:35 INFO Worker: Cleaning up local directories for application app-20201115211610-0016
20/11/15 21:17:44 INFO Worker: Asked to launch executor app-20201115211744-0017/0 for Leaves
20/11/15 21:17:44 INFO SecurityManager: Changing view acls to: gitpod
20/11/15 21:17:44 INFO SecurityManager: Changing modify acls to: gitpod
20/11/15 21:17:44 INFO SecurityManager: Changing view acls groups to: 
20/11/15 21:17:44 INFO SecurityManager: Changing modify acls groups to: 
20/11/15 21:17:44 INFO SecurityManager: SecurityManager: authentication disabled; ui acls disabled; users  with view permissions: Set(gitpod); groups with view permissions: Set(); users  with modify permissions: Set(gitpod); groups with modify permissions: Set()
20/11/15 21:17:44 INFO ExecutorRunner: Launch command: "/home/gitpod/.sdkman/candidates/java/current/bin/java" "-cp" "/workspace/cassandra.realtime/spark/spark-3.0.1-bin-hadoop2.7/conf/:/workspace/cassandra.realtime/spark/spark-3.0.1-bin-hadoop2.7/jars/*" "-Xmx1024M" "-Dspark.driver.port=35339" "org.apache.spark.executor.CoarseGrainedExecutorBackend" "--driver-url" "spark://CoarseGrainedScheduler@ws-b8a36d83-41af-40e1-a58b-3cfc68940859:35339" "--executor-id" "0" "--hostname" "10.8.7.145" "--cores" "5" "--app-id" "app-20201115211744-0017" "--worker-url" "spark://Worker@10.8.7.145:38861"
20/11/15 21:18:09 INFO Worker: Asked to kill executor app-20201115211744-0017/0
20/11/15 21:18:09 INFO ExecutorRunner: Runner thread for executor app-20201115211744-0017/0 interrupted
20/11/15 21:18:09 INFO ExecutorRunner: Killing process!
20/11/15 21:18:09 INFO Worker: Executor app-20201115211744-0017/0 finished with state KILLED exitStatus 143
20/11/15 21:18:09 INFO ExternalShuffleBlockResolver: Clean up non-shuffle and non-RDD files associated with the finished executor 0
20/11/15 21:18:09 INFO ExternalShuffleBlockResolver: Executor is not registered (appId=app-20201115211744-0017, execId=0)
20/11/15 21:18:09 INFO ExternalShuffleBlockResolver: Application app-20201115211744-0017 removed, cleanupLocalDirs = true
20/11/15 21:18:09 INFO Worker: Cleaning up local directories for application app-20201115211744-0017
20/11/15 21:31:24 INFO Worker: Asked to launch executor app-20201115213124-0018/0 for Leaves
20/11/15 21:31:24 INFO SecurityManager: Changing view acls to: gitpod
20/11/15 21:31:24 INFO SecurityManager: Changing modify acls to: gitpod
20/11/15 21:31:24 INFO SecurityManager: Changing view acls groups to: 
20/11/15 21:31:24 INFO SecurityManager: Changing modify acls groups to: 
20/11/15 21:31:24 INFO SecurityManager: SecurityManager: authentication disabled; ui acls disabled; users  with view permissions: Set(gitpod); groups with view permissions: Set(); users  with modify permissions: Set(gitpod); groups with modify permissions: Set()
20/11/15 21:31:25 INFO ExecutorRunner: Launch command: "/home/gitpod/.sdkman/candidates/java/current/bin/java" "-cp" "/workspace/cassandra.realtime/spark/spark-3.0.1-bin-hadoop2.7/conf/:/workspace/cassandra.realtime/spark/spark-3.0.1-bin-hadoop2.7/jars/*" "-Xmx1024M" "-Dspark.driver.port=44353" "org.apache.spark.executor.CoarseGrainedExecutorBackend" "--driver-url" "spark://CoarseGrainedScheduler@ws-b8a36d83-41af-40e1-a58b-3cfc68940859:44353" "--executor-id" "0" "--hostname" "10.8.7.145" "--cores" "5" "--app-id" "app-20201115213124-0018" "--worker-url" "spark://Worker@10.8.7.145:38861"
20/11/15 21:31:47 INFO Worker: Asked to kill executor app-20201115213124-0018/0
20/11/15 21:31:47 INFO ExecutorRunner: Runner thread for executor app-20201115213124-0018/0 interrupted
20/11/15 21:31:47 INFO ExecutorRunner: Killing process!
20/11/15 21:31:48 INFO Worker: Executor app-20201115213124-0018/0 finished with state KILLED exitStatus 143
20/11/15 21:31:48 INFO ExternalShuffleBlockResolver: Clean up non-shuffle and non-RDD files associated with the finished executor 0
20/11/15 21:31:48 INFO ExternalShuffleBlockResolver: Executor is not registered (appId=app-20201115213124-0018, execId=0)
20/11/15 21:31:48 INFO ExternalShuffleBlockResolver: Application app-20201115213124-0018 removed, cleanupLocalDirs = true
20/11/15 21:31:48 INFO Worker: Cleaning up local directories for application app-20201115213124-0018
20/11/15 21:49:47 INFO Worker: Asked to launch executor app-20201115214947-0019/0 for Leaves
20/11/15 21:49:47 INFO SecurityManager: Changing view acls to: gitpod
20/11/15 21:49:47 INFO SecurityManager: Changing modify acls to: gitpod
20/11/15 21:49:47 INFO SecurityManager: Changing view acls groups to: 
20/11/15 21:49:47 INFO SecurityManager: Changing modify acls groups to: 
20/11/15 21:49:47 INFO SecurityManager: SecurityManager: authentication disabled; ui acls disabled; users  with view permissions: Set(gitpod); groups with view permissions: Set(); users  with modify permissions: Set(gitpod); groups with modify permissions: Set()
20/11/15 21:49:47 INFO ExecutorRunner: Launch command: "/home/gitpod/.sdkman/candidates/java/current/bin/java" "-cp" "/workspace/cassandra.realtime/spark/spark-3.0.1-bin-hadoop2.7/conf/:/workspace/cassandra.realtime/spark/spark-3.0.1-bin-hadoop2.7/jars/*" "-Xmx1024M" "-Dspark.driver.port=35943" "org.apache.spark.executor.CoarseGrainedExecutorBackend" "--driver-url" "spark://CoarseGrainedScheduler@ws-b8a36d83-41af-40e1-a58b-3cfc68940859:35943" "--executor-id" "0" "--hostname" "10.8.7.145" "--cores" "5" "--app-id" "app-20201115214947-0019" "--worker-url" "spark://Worker@10.8.7.145:38861"
20/11/15 21:49:58 INFO Worker: Asked to kill executor app-20201115214947-0019/0
20/11/15 21:49:58 INFO ExecutorRunner: Runner thread for executor app-20201115214947-0019/0 interrupted
20/11/15 21:49:58 INFO ExecutorRunner: Killing process!
20/11/15 21:49:58 INFO Worker: Executor app-20201115214947-0019/0 finished with state KILLED exitStatus 143
20/11/15 21:49:58 INFO ExternalShuffleBlockResolver: Clean up non-shuffle and non-RDD files associated with the finished executor 0
20/11/15 21:49:58 INFO ExternalShuffleBlockResolver: Executor is not registered (appId=app-20201115214947-0019, execId=0)
20/11/15 21:49:58 INFO ExternalShuffleBlockResolver: Application app-20201115214947-0019 removed, cleanupLocalDirs = true
20/11/15 21:49:58 INFO Worker: Cleaning up local directories for application app-20201115214947-0019
20/11/15 21:52:13 INFO Worker: Asked to launch executor app-20201115215213-0020/0 for Leaves
20/11/15 21:52:13 INFO SecurityManager: Changing view acls to: gitpod
20/11/15 21:52:13 INFO SecurityManager: Changing modify acls to: gitpod
20/11/15 21:52:13 INFO SecurityManager: Changing view acls groups to: 
20/11/15 21:52:13 INFO SecurityManager: Changing modify acls groups to: 
20/11/15 21:52:13 INFO SecurityManager: SecurityManager: authentication disabled; ui acls disabled; users  with view permissions: Set(gitpod); groups with view permissions: Set(); users  with modify permissions: Set(gitpod); groups with modify permissions: Set()
20/11/15 21:52:13 INFO ExecutorRunner: Launch command: "/home/gitpod/.sdkman/candidates/java/current/bin/java" "-cp" "/workspace/cassandra.realtime/spark/spark-3.0.1-bin-hadoop2.7/conf/:/workspace/cassandra.realtime/spark/spark-3.0.1-bin-hadoop2.7/jars/*" "-Xmx1024M" "-Dspark.driver.port=32771" "org.apache.spark.executor.CoarseGrainedExecutorBackend" "--driver-url" "spark://CoarseGrainedScheduler@ws-b8a36d83-41af-40e1-a58b-3cfc68940859:32771" "--executor-id" "0" "--hostname" "10.8.7.145" "--cores" "5" "--app-id" "app-20201115215213-0020" "--worker-url" "spark://Worker@10.8.7.145:38861"
20/11/15 21:52:24 INFO Worker: Asked to kill executor app-20201115215213-0020/0
20/11/15 21:52:24 INFO ExecutorRunner: Runner thread for executor app-20201115215213-0020/0 interrupted
20/11/15 21:52:24 INFO ExecutorRunner: Killing process!
20/11/15 21:52:24 INFO Worker: Executor app-20201115215213-0020/0 finished with state KILLED exitStatus 143
20/11/15 21:52:24 INFO ExternalShuffleBlockResolver: Clean up non-shuffle and non-RDD files associated with the finished executor 0
20/11/15 21:52:24 INFO ExternalShuffleBlockResolver: Executor is not registered (appId=app-20201115215213-0020, execId=0)
20/11/15 21:52:24 INFO ExternalShuffleBlockResolver: Application app-20201115215213-0020 removed, cleanupLocalDirs = true
20/11/15 21:52:24 INFO Worker: Cleaning up local directories for application app-20201115215213-0020
20/11/15 22:01:35 INFO Worker: Asked to launch executor app-20201115220135-0021/0 for Leaves
20/11/15 22:01:35 INFO SecurityManager: Changing view acls to: gitpod
20/11/15 22:01:35 INFO SecurityManager: Changing modify acls to: gitpod
20/11/15 22:01:35 INFO SecurityManager: Changing view acls groups to: 
20/11/15 22:01:35 INFO SecurityManager: Changing modify acls groups to: 
20/11/15 22:01:35 INFO SecurityManager: SecurityManager: authentication disabled; ui acls disabled; users  with view permissions: Set(gitpod); groups with view permissions: Set(); users  with modify permissions: Set(gitpod); groups with modify permissions: Set()
20/11/15 22:01:35 INFO ExecutorRunner: Launch command: "/home/gitpod/.sdkman/candidates/java/current/bin/java" "-cp" "/workspace/cassandra.realtime/spark/spark-3.0.1-bin-hadoop2.7/conf/:/workspace/cassandra.realtime/spark/spark-3.0.1-bin-hadoop2.7/jars/*" "-Xmx1024M" "-Dspark.driver.port=40699" "org.apache.spark.executor.CoarseGrainedExecutorBackend" "--driver-url" "spark://CoarseGrainedScheduler@ws-b8a36d83-41af-40e1-a58b-3cfc68940859:40699" "--executor-id" "0" "--hostname" "10.8.7.145" "--cores" "5" "--app-id" "app-20201115220135-0021" "--worker-url" "spark://Worker@10.8.7.145:38861"
20/11/15 22:01:45 INFO Worker: Asked to kill executor app-20201115220135-0021/0
20/11/15 22:01:45 INFO ExecutorRunner: Runner thread for executor app-20201115220135-0021/0 interrupted
20/11/15 22:01:45 INFO ExecutorRunner: Killing process!
20/11/15 22:01:45 INFO Worker: Executor app-20201115220135-0021/0 finished with state KILLED exitStatus 143
20/11/15 22:01:45 INFO ExternalShuffleBlockResolver: Clean up non-shuffle and non-RDD files associated with the finished executor 0
20/11/15 22:01:45 INFO ExternalShuffleBlockResolver: Executor is not registered (appId=app-20201115220135-0021, execId=0)
20/11/15 22:01:45 INFO Worker: Cleaning up local directories for application app-20201115220135-0021
20/11/15 22:01:45 INFO ExternalShuffleBlockResolver: Application app-20201115220135-0021 removed, cleanupLocalDirs = true
20/11/15 22:03:32 INFO Worker: Asked to launch executor app-20201115220332-0022/0 for Leaves
20/11/15 22:03:32 INFO SecurityManager: Changing view acls to: gitpod
20/11/15 22:03:32 INFO SecurityManager: Changing modify acls to: gitpod
20/11/15 22:03:32 INFO SecurityManager: Changing view acls groups to: 
20/11/15 22:03:32 INFO SecurityManager: Changing modify acls groups to: 
20/11/15 22:03:32 INFO SecurityManager: SecurityManager: authentication disabled; ui acls disabled; users  with view permissions: Set(gitpod); groups with view permissions: Set(); users  with modify permissions: Set(gitpod); groups with modify permissions: Set()
20/11/15 22:03:32 INFO ExecutorRunner: Launch command: "/home/gitpod/.sdkman/candidates/java/current/bin/java" "-cp" "/workspace/cassandra.realtime/spark/spark-3.0.1-bin-hadoop2.7/conf/:/workspace/cassandra.realtime/spark/spark-3.0.1-bin-hadoop2.7/jars/*" "-Xmx1024M" "-Dspark.driver.port=41515" "org.apache.spark.executor.CoarseGrainedExecutorBackend" "--driver-url" "spark://CoarseGrainedScheduler@ws-b8a36d83-41af-40e1-a58b-3cfc68940859:41515" "--executor-id" "0" "--hostname" "10.8.7.145" "--cores" "5" "--app-id" "app-20201115220332-0022" "--worker-url" "spark://Worker@10.8.7.145:38861"
20/11/15 22:03:42 INFO Worker: Asked to kill executor app-20201115220332-0022/0
20/11/15 22:03:42 INFO ExecutorRunner: Runner thread for executor app-20201115220332-0022/0 interrupted
20/11/15 22:03:42 INFO ExecutorRunner: Killing process!
20/11/15 22:03:42 INFO Worker: Executor app-20201115220332-0022/0 finished with state KILLED exitStatus 143
20/11/15 22:03:42 INFO ExternalShuffleBlockResolver: Clean up non-shuffle and non-RDD files associated with the finished executor 0
20/11/15 22:03:42 INFO ExternalShuffleBlockResolver: Executor is not registered (appId=app-20201115220332-0022, execId=0)
20/11/15 22:03:42 INFO ExternalShuffleBlockResolver: Application app-20201115220332-0022 removed, cleanupLocalDirs = true
20/11/15 22:03:42 INFO Worker: Cleaning up local directories for application app-20201115220332-0022
20/11/15 22:04:55 INFO Worker: Asked to launch executor app-20201115220455-0023/0 for Leaves
20/11/15 22:04:55 INFO SecurityManager: Changing view acls to: gitpod
20/11/15 22:04:55 INFO SecurityManager: Changing modify acls to: gitpod
20/11/15 22:04:55 INFO SecurityManager: Changing view acls groups to: 
20/11/15 22:04:55 INFO SecurityManager: Changing modify acls groups to: 
20/11/15 22:04:55 INFO SecurityManager: SecurityManager: authentication disabled; ui acls disabled; users  with view permissions: Set(gitpod); groups with view permissions: Set(); users  with modify permissions: Set(gitpod); groups with modify permissions: Set()
20/11/15 22:04:55 INFO ExecutorRunner: Launch command: "/home/gitpod/.sdkman/candidates/java/current/bin/java" "-cp" "/workspace/cassandra.realtime/spark/spark-3.0.1-bin-hadoop2.7/conf/:/workspace/cassandra.realtime/spark/spark-3.0.1-bin-hadoop2.7/jars/*" "-Xmx1024M" "-Dspark.driver.port=35787" "org.apache.spark.executor.CoarseGrainedExecutorBackend" "--driver-url" "spark://CoarseGrainedScheduler@ws-b8a36d83-41af-40e1-a58b-3cfc68940859:35787" "--executor-id" "0" "--hostname" "10.8.7.145" "--cores" "5" "--app-id" "app-20201115220455-0023" "--worker-url" "spark://Worker@10.8.7.145:38861"
20/11/15 22:05:05 INFO Worker: Asked to kill executor app-20201115220455-0023/0
20/11/15 22:05:05 INFO ExecutorRunner: Runner thread for executor app-20201115220455-0023/0 interrupted
20/11/15 22:05:05 INFO ExecutorRunner: Killing process!
20/11/15 22:05:06 INFO Worker: Executor app-20201115220455-0023/0 finished with state KILLED exitStatus 143
20/11/15 22:05:06 INFO ExternalShuffleBlockResolver: Clean up non-shuffle and non-RDD files associated with the finished executor 0
20/11/15 22:05:06 INFO ExternalShuffleBlockResolver: Executor is not registered (appId=app-20201115220455-0023, execId=0)
20/11/15 22:05:06 INFO ExternalShuffleBlockResolver: Application app-20201115220455-0023 removed, cleanupLocalDirs = true
20/11/15 22:05:06 INFO Worker: Cleaning up local directories for application app-20201115220455-0023
20/11/15 22:08:06 INFO Worker: Asked to launch executor app-20201115220806-0024/0 for Leaves
20/11/15 22:08:06 INFO SecurityManager: Changing view acls to: gitpod
20/11/15 22:08:06 INFO SecurityManager: Changing modify acls to: gitpod
20/11/15 22:08:06 INFO SecurityManager: Changing view acls groups to: 
20/11/15 22:08:06 INFO SecurityManager: Changing modify acls groups to: 
20/11/15 22:08:06 INFO SecurityManager: SecurityManager: authentication disabled; ui acls disabled; users  with view permissions: Set(gitpod); groups with view permissions: Set(); users  with modify permissions: Set(gitpod); groups with modify permissions: Set()
20/11/15 22:08:06 INFO ExecutorRunner: Launch command: "/home/gitpod/.sdkman/candidates/java/current/bin/java" "-cp" "/workspace/cassandra.realtime/spark/spark-3.0.1-bin-hadoop2.7/conf/:/workspace/cassandra.realtime/spark/spark-3.0.1-bin-hadoop2.7/jars/*" "-Xmx1024M" "-Dspark.driver.port=44279" "org.apache.spark.executor.CoarseGrainedExecutorBackend" "--driver-url" "spark://CoarseGrainedScheduler@ws-b8a36d83-41af-40e1-a58b-3cfc68940859:44279" "--executor-id" "0" "--hostname" "10.8.7.145" "--cores" "5" "--app-id" "app-20201115220806-0024" "--worker-url" "spark://Worker@10.8.7.145:38861"
20/11/15 22:08:17 INFO Worker: Asked to kill executor app-20201115220806-0024/0
20/11/15 22:08:17 INFO ExecutorRunner: Runner thread for executor app-20201115220806-0024/0 interrupted
20/11/15 22:08:17 INFO ExecutorRunner: Killing process!
20/11/15 22:08:17 INFO Worker: Executor app-20201115220806-0024/0 finished with state KILLED exitStatus 143
20/11/15 22:08:17 INFO ExternalShuffleBlockResolver: Clean up non-shuffle and non-RDD files associated with the finished executor 0
20/11/15 22:08:17 INFO ExternalShuffleBlockResolver: Executor is not registered (appId=app-20201115220806-0024, execId=0)
20/11/15 22:08:17 INFO ExternalShuffleBlockResolver: Application app-20201115220806-0024 removed, cleanupLocalDirs = true
20/11/15 22:08:17 INFO Worker: Cleaning up local directories for application app-20201115220806-0024
20/11/15 22:08:51 INFO Worker: Asked to launch executor app-20201115220851-0025/0 for Leaves
20/11/15 22:08:51 INFO SecurityManager: Changing view acls to: gitpod
20/11/15 22:08:51 INFO SecurityManager: Changing modify acls to: gitpod
20/11/15 22:08:51 INFO SecurityManager: Changing view acls groups to: 
20/11/15 22:08:51 INFO SecurityManager: Changing modify acls groups to: 
20/11/15 22:08:51 INFO SecurityManager: SecurityManager: authentication disabled; ui acls disabled; users  with view permissions: Set(gitpod); groups with view permissions: Set(); users  with modify permissions: Set(gitpod); groups with modify permissions: Set()
20/11/15 22:08:51 INFO ExecutorRunner: Launch command: "/home/gitpod/.sdkman/candidates/java/current/bin/java" "-cp" "/workspace/cassandra.realtime/spark/spark-3.0.1-bin-hadoop2.7/conf/:/workspace/cassandra.realtime/spark/spark-3.0.1-bin-hadoop2.7/jars/*" "-Xmx1024M" "-Dspark.driver.port=39401" "org.apache.spark.executor.CoarseGrainedExecutorBackend" "--driver-url" "spark://CoarseGrainedScheduler@ws-b8a36d83-41af-40e1-a58b-3cfc68940859:39401" "--executor-id" "0" "--hostname" "10.8.7.145" "--cores" "5" "--app-id" "app-20201115220851-0025" "--worker-url" "spark://Worker@10.8.7.145:38861"
20/11/15 22:09:16 INFO Worker: Asked to kill executor app-20201115220851-0025/0
20/11/15 22:09:16 INFO ExecutorRunner: Runner thread for executor app-20201115220851-0025/0 interrupted
20/11/15 22:09:16 INFO ExecutorRunner: Killing process!
20/11/15 22:09:16 INFO Worker: Executor app-20201115220851-0025/0 finished with state KILLED exitStatus 143
20/11/15 22:09:16 INFO ExternalShuffleBlockResolver: Clean up non-shuffle and non-RDD files associated with the finished executor 0
20/11/15 22:09:16 INFO ExternalShuffleBlockResolver: Executor is not registered (appId=app-20201115220851-0025, execId=0)
20/11/15 22:09:16 INFO ExternalShuffleBlockResolver: Application app-20201115220851-0025 removed, cleanupLocalDirs = true
20/11/15 22:09:16 INFO Worker: Cleaning up local directories for application app-20201115220851-0025
20/11/15 22:11:01 INFO Worker: Asked to launch executor app-20201115221101-0026/0 for Leaves
20/11/15 22:11:01 INFO SecurityManager: Changing view acls to: gitpod
20/11/15 22:11:01 INFO SecurityManager: Changing modify acls to: gitpod
20/11/15 22:11:01 INFO SecurityManager: Changing view acls groups to: 
20/11/15 22:11:01 INFO SecurityManager: Changing modify acls groups to: 
20/11/15 22:11:01 INFO SecurityManager: SecurityManager: authentication disabled; ui acls disabled; users  with view permissions: Set(gitpod); groups with view permissions: Set(); users  with modify permissions: Set(gitpod); groups with modify permissions: Set()
20/11/15 22:11:01 INFO ExecutorRunner: Launch command: "/home/gitpod/.sdkman/candidates/java/current/bin/java" "-cp" "/workspace/cassandra.realtime/spark/spark-3.0.1-bin-hadoop2.7/conf/:/workspace/cassandra.realtime/spark/spark-3.0.1-bin-hadoop2.7/jars/*" "-Xmx1024M" "-Dspark.driver.port=45191" "org.apache.spark.executor.CoarseGrainedExecutorBackend" "--driver-url" "spark://CoarseGrainedScheduler@ws-b8a36d83-41af-40e1-a58b-3cfc68940859:45191" "--executor-id" "0" "--hostname" "10.8.7.145" "--cores" "5" "--app-id" "app-20201115221101-0026" "--worker-url" "spark://Worker@10.8.7.145:38861"
20/11/15 22:11:12 INFO Worker: Asked to kill executor app-20201115221101-0026/0
20/11/15 22:11:12 INFO ExecutorRunner: Runner thread for executor app-20201115221101-0026/0 interrupted
20/11/15 22:11:12 INFO ExecutorRunner: Killing process!
20/11/15 22:11:12 INFO Worker: Executor app-20201115221101-0026/0 finished with state KILLED exitStatus 143
20/11/15 22:11:12 INFO ExternalShuffleBlockResolver: Clean up non-shuffle and non-RDD files associated with the finished executor 0
20/11/15 22:11:12 INFO ExternalShuffleBlockResolver: Executor is not registered (appId=app-20201115221101-0026, execId=0)
20/11/15 22:11:12 INFO ExternalShuffleBlockResolver: Application app-20201115221101-0026 removed, cleanupLocalDirs = true
20/11/15 22:11:12 INFO Worker: Cleaning up local directories for application app-20201115221101-0026
20/11/15 22:14:46 INFO Worker: Asked to launch executor app-20201115221446-0027/0 for Leaves
20/11/15 22:14:46 INFO SecurityManager: Changing view acls to: gitpod
20/11/15 22:14:46 INFO SecurityManager: Changing modify acls to: gitpod
20/11/15 22:14:46 INFO SecurityManager: Changing view acls groups to: 
20/11/15 22:14:46 INFO SecurityManager: Changing modify acls groups to: 
20/11/15 22:14:46 INFO SecurityManager: SecurityManager: authentication disabled; ui acls disabled; users  with view permissions: Set(gitpod); groups with view permissions: Set(); users  with modify permissions: Set(gitpod); groups with modify permissions: Set()
20/11/15 22:14:47 INFO ExecutorRunner: Launch command: "/home/gitpod/.sdkman/candidates/java/current/bin/java" "-cp" "/workspace/cassandra.realtime/spark/spark-3.0.1-bin-hadoop2.7/conf/:/workspace/cassandra.realtime/spark/spark-3.0.1-bin-hadoop2.7/jars/*" "-Xmx1024M" "-Dspark.driver.port=46709" "org.apache.spark.executor.CoarseGrainedExecutorBackend" "--driver-url" "spark://CoarseGrainedScheduler@ws-b8a36d83-41af-40e1-a58b-3cfc68940859:46709" "--executor-id" "0" "--hostname" "10.8.7.145" "--cores" "5" "--app-id" "app-20201115221446-0027" "--worker-url" "spark://Worker@10.8.7.145:38861"
20/11/15 22:14:58 INFO Worker: Asked to kill executor app-20201115221446-0027/0
20/11/15 22:14:58 INFO ExecutorRunner: Runner thread for executor app-20201115221446-0027/0 interrupted
20/11/15 22:14:58 INFO ExecutorRunner: Killing process!
20/11/15 22:14:59 INFO Worker: Executor app-20201115221446-0027/0 finished with state KILLED exitStatus 143
20/11/15 22:14:59 INFO ExternalShuffleBlockResolver: Clean up non-shuffle and non-RDD files associated with the finished executor 0
20/11/15 22:14:59 INFO ExternalShuffleBlockResolver: Executor is not registered (appId=app-20201115221446-0027, execId=0)
20/11/15 22:14:59 INFO Worker: Cleaning up local directories for application app-20201115221446-0027
20/11/15 22:14:59 INFO ExternalShuffleBlockResolver: Application app-20201115221446-0027 removed, cleanupLocalDirs = true
20/11/15 22:16:45 INFO Worker: Asked to launch executor app-20201115221645-0028/0 for Leaves
20/11/15 22:16:45 INFO SecurityManager: Changing view acls to: gitpod
20/11/15 22:16:45 INFO SecurityManager: Changing modify acls to: gitpod
20/11/15 22:16:45 INFO SecurityManager: Changing view acls groups to: 
20/11/15 22:16:45 INFO SecurityManager: Changing modify acls groups to: 
20/11/15 22:16:45 INFO SecurityManager: SecurityManager: authentication disabled; ui acls disabled; users  with view permissions: Set(gitpod); groups with view permissions: Set(); users  with modify permissions: Set(gitpod); groups with modify permissions: Set()
20/11/15 22:16:45 INFO ExecutorRunner: Launch command: "/home/gitpod/.sdkman/candidates/java/current/bin/java" "-cp" "/workspace/cassandra.realtime/spark/spark-3.0.1-bin-hadoop2.7/conf/:/workspace/cassandra.realtime/spark/spark-3.0.1-bin-hadoop2.7/jars/*" "-Xmx1024M" "-Dspark.driver.port=41567" "org.apache.spark.executor.CoarseGrainedExecutorBackend" "--driver-url" "spark://CoarseGrainedScheduler@ws-b8a36d83-41af-40e1-a58b-3cfc68940859:41567" "--executor-id" "0" "--hostname" "10.8.7.145" "--cores" "5" "--app-id" "app-20201115221645-0028" "--worker-url" "spark://Worker@10.8.7.145:38861"
20/11/15 22:16:56 INFO Worker: Asked to kill executor app-20201115221645-0028/0
20/11/15 22:16:56 INFO ExecutorRunner: Runner thread for executor app-20201115221645-0028/0 interrupted
20/11/15 22:16:56 INFO ExecutorRunner: Killing process!
20/11/15 22:16:56 INFO Worker: Executor app-20201115221645-0028/0 finished with state KILLED exitStatus 143
20/11/15 22:16:56 INFO ExternalShuffleBlockResolver: Clean up non-shuffle and non-RDD files associated with the finished executor 0
20/11/15 22:16:56 INFO ExternalShuffleBlockResolver: Executor is not registered (appId=app-20201115221645-0028, execId=0)
20/11/15 22:16:56 INFO ExternalShuffleBlockResolver: Application app-20201115221645-0028 removed, cleanupLocalDirs = true
20/11/15 22:16:56 INFO Worker: Cleaning up local directories for application app-20201115221645-0028
20/11/15 22:18:21 INFO Worker: Asked to launch executor app-20201115221821-0029/0 for Leaves
20/11/15 22:18:21 INFO SecurityManager: Changing view acls to: gitpod
20/11/15 22:18:21 INFO SecurityManager: Changing modify acls to: gitpod
20/11/15 22:18:21 INFO SecurityManager: Changing view acls groups to: 
20/11/15 22:18:21 INFO SecurityManager: Changing modify acls groups to: 
20/11/15 22:18:21 INFO SecurityManager: SecurityManager: authentication disabled; ui acls disabled; users  with view permissions: Set(gitpod); groups with view permissions: Set(); users  with modify permissions: Set(gitpod); groups with modify permissions: Set()
20/11/15 22:18:21 INFO ExecutorRunner: Launch command: "/home/gitpod/.sdkman/candidates/java/current/bin/java" "-cp" "/workspace/cassandra.realtime/spark/spark-3.0.1-bin-hadoop2.7/conf/:/workspace/cassandra.realtime/spark/spark-3.0.1-bin-hadoop2.7/jars/*" "-Xmx1024M" "-Dspark.driver.port=34175" "org.apache.spark.executor.CoarseGrainedExecutorBackend" "--driver-url" "spark://CoarseGrainedScheduler@ws-b8a36d83-41af-40e1-a58b-3cfc68940859:34175" "--executor-id" "0" "--hostname" "10.8.7.145" "--cores" "5" "--app-id" "app-20201115221821-0029" "--worker-url" "spark://Worker@10.8.7.145:38861"
20/11/15 22:18:32 INFO Worker: Asked to kill executor app-20201115221821-0029/0
20/11/15 22:18:32 INFO ExecutorRunner: Runner thread for executor app-20201115221821-0029/0 interrupted
20/11/15 22:18:32 INFO ExecutorRunner: Killing process!
20/11/15 22:18:33 INFO Worker: Executor app-20201115221821-0029/0 finished with state KILLED exitStatus 143
20/11/15 22:18:33 INFO ExternalShuffleBlockResolver: Clean up non-shuffle and non-RDD files associated with the finished executor 0
20/11/15 22:18:33 INFO ExternalShuffleBlockResolver: Executor is not registered (appId=app-20201115221821-0029, execId=0)
20/11/15 22:18:33 INFO ExternalShuffleBlockResolver: Application app-20201115221821-0029 removed, cleanupLocalDirs = true
20/11/15 22:18:33 INFO Worker: Cleaning up local directories for application app-20201115221821-0029
20/11/15 22:20:46 INFO Worker: Asked to launch executor app-20201115222046-0030/0 for Leaves
20/11/15 22:20:46 INFO SecurityManager: Changing view acls to: gitpod
20/11/15 22:20:46 INFO SecurityManager: Changing modify acls to: gitpod
20/11/15 22:20:46 INFO SecurityManager: Changing view acls groups to: 
20/11/15 22:20:46 INFO SecurityManager: Changing modify acls groups to: 
20/11/15 22:20:46 INFO SecurityManager: SecurityManager: authentication disabled; ui acls disabled; users  with view permissions: Set(gitpod); groups with view permissions: Set(); users  with modify permissions: Set(gitpod); groups with modify permissions: Set()
20/11/15 22:20:46 INFO ExecutorRunner: Launch command: "/home/gitpod/.sdkman/candidates/java/current/bin/java" "-cp" "/workspace/cassandra.realtime/spark/spark-3.0.1-bin-hadoop2.7/conf/:/workspace/cassandra.realtime/spark/spark-3.0.1-bin-hadoop2.7/jars/*" "-Xmx1024M" "-Dspark.driver.port=38477" "org.apache.spark.executor.CoarseGrainedExecutorBackend" "--driver-url" "spark://CoarseGrainedScheduler@ws-b8a36d83-41af-40e1-a58b-3cfc68940859:38477" "--executor-id" "0" "--hostname" "10.8.7.145" "--cores" "5" "--app-id" "app-20201115222046-0030" "--worker-url" "spark://Worker@10.8.7.145:38861"
20/11/15 22:20:57 INFO Worker: Asked to kill executor app-20201115222046-0030/0
20/11/15 22:20:57 INFO ExecutorRunner: Runner thread for executor app-20201115222046-0030/0 interrupted
20/11/15 22:20:57 INFO ExecutorRunner: Killing process!
20/11/15 22:20:58 INFO Worker: Executor app-20201115222046-0030/0 finished with state KILLED exitStatus 143
20/11/15 22:20:58 INFO ExternalShuffleBlockResolver: Clean up non-shuffle and non-RDD files associated with the finished executor 0
20/11/15 22:20:58 INFO ExternalShuffleBlockResolver: Executor is not registered (appId=app-20201115222046-0030, execId=0)
20/11/15 22:20:58 INFO ExternalShuffleBlockResolver: Application app-20201115222046-0030 removed, cleanupLocalDirs = true
20/11/15 22:20:58 INFO Worker: Cleaning up local directories for application app-20201115222046-0030
20/11/15 22:22:08 INFO Worker: Asked to launch executor app-20201115222208-0031/0 for Leaves
20/11/15 22:22:08 INFO SecurityManager: Changing view acls to: gitpod
20/11/15 22:22:08 INFO SecurityManager: Changing modify acls to: gitpod
20/11/15 22:22:08 INFO SecurityManager: Changing view acls groups to: 
20/11/15 22:22:08 INFO SecurityManager: Changing modify acls groups to: 
20/11/15 22:22:08 INFO SecurityManager: SecurityManager: authentication disabled; ui acls disabled; users  with view permissions: Set(gitpod); groups with view permissions: Set(); users  with modify permissions: Set(gitpod); groups with modify permissions: Set()
20/11/15 22:22:08 INFO ExecutorRunner: Launch command: "/home/gitpod/.sdkman/candidates/java/current/bin/java" "-cp" "/workspace/cassandra.realtime/spark/spark-3.0.1-bin-hadoop2.7/conf/:/workspace/cassandra.realtime/spark/spark-3.0.1-bin-hadoop2.7/jars/*" "-Xmx1024M" "-Dspark.driver.port=35595" "org.apache.spark.executor.CoarseGrainedExecutorBackend" "--driver-url" "spark://CoarseGrainedScheduler@ws-b8a36d83-41af-40e1-a58b-3cfc68940859:35595" "--executor-id" "0" "--hostname" "10.8.7.145" "--cores" "5" "--app-id" "app-20201115222208-0031" "--worker-url" "spark://Worker@10.8.7.145:38861"
20/11/15 22:22:38 INFO Worker: Asked to kill executor app-20201115222208-0031/0
20/11/15 22:22:38 INFO ExecutorRunner: Runner thread for executor app-20201115222208-0031/0 interrupted
20/11/15 22:22:38 INFO ExecutorRunner: Killing process!
20/11/15 22:22:38 INFO Worker: Executor app-20201115222208-0031/0 finished with state KILLED exitStatus 143
20/11/15 22:22:38 INFO ExternalShuffleBlockResolver: Clean up non-shuffle and non-RDD files associated with the finished executor 0
20/11/15 22:22:38 INFO ExternalShuffleBlockResolver: Executor is not registered (appId=app-20201115222208-0031, execId=0)
20/11/15 22:22:38 INFO ExternalShuffleBlockResolver: Application app-20201115222208-0031 removed, cleanupLocalDirs = true
20/11/15 22:22:38 INFO Worker: Cleaning up local directories for application app-20201115222208-0031
20/11/15 22:23:17 INFO Worker: Asked to launch executor app-20201115222317-0032/0 for Leaves
20/11/15 22:23:17 INFO SecurityManager: Changing view acls to: gitpod
20/11/15 22:23:17 INFO SecurityManager: Changing modify acls to: gitpod
20/11/15 22:23:17 INFO SecurityManager: Changing view acls groups to: 
20/11/15 22:23:17 INFO SecurityManager: Changing modify acls groups to: 
20/11/15 22:23:17 INFO SecurityManager: SecurityManager: authentication disabled; ui acls disabled; users  with view permissions: Set(gitpod); groups with view permissions: Set(); users  with modify permissions: Set(gitpod); groups with modify permissions: Set()
20/11/15 22:23:17 INFO ExecutorRunner: Launch command: "/home/gitpod/.sdkman/candidates/java/current/bin/java" "-cp" "/workspace/cassandra.realtime/spark/spark-3.0.1-bin-hadoop2.7/conf/:/workspace/cassandra.realtime/spark/spark-3.0.1-bin-hadoop2.7/jars/*" "-Xmx1024M" "-Dspark.driver.port=37937" "org.apache.spark.executor.CoarseGrainedExecutorBackend" "--driver-url" "spark://CoarseGrainedScheduler@ws-b8a36d83-41af-40e1-a58b-3cfc68940859:37937" "--executor-id" "0" "--hostname" "10.8.7.145" "--cores" "5" "--app-id" "app-20201115222317-0032" "--worker-url" "spark://Worker@10.8.7.145:38861"
20/11/15 22:23:42 INFO Worker: Asked to kill executor app-20201115222317-0032/0
20/11/15 22:23:42 INFO ExecutorRunner: Runner thread for executor app-20201115222317-0032/0 interrupted
20/11/15 22:23:42 INFO ExecutorRunner: Killing process!
20/11/15 22:23:43 INFO Worker: Executor app-20201115222317-0032/0 finished with state KILLED exitStatus 143
20/11/15 22:23:43 INFO ExternalShuffleBlockResolver: Clean up non-shuffle and non-RDD files associated with the finished executor 0
20/11/15 22:23:43 INFO ExternalShuffleBlockResolver: Executor is not registered (appId=app-20201115222317-0032, execId=0)
20/11/15 22:23:43 INFO ExternalShuffleBlockResolver: Application app-20201115222317-0032 removed, cleanupLocalDirs = true
20/11/15 22:23:43 INFO Worker: Cleaning up local directories for application app-20201115222317-0032
20/11/15 22:24:38 INFO Worker: Asked to launch executor app-20201115222438-0033/0 for Leaves
20/11/15 22:24:38 INFO SecurityManager: Changing view acls to: gitpod
20/11/15 22:24:38 INFO SecurityManager: Changing modify acls to: gitpod
20/11/15 22:24:38 INFO SecurityManager: Changing view acls groups to: 
20/11/15 22:24:38 INFO SecurityManager: Changing modify acls groups to: 
20/11/15 22:24:38 INFO SecurityManager: SecurityManager: authentication disabled; ui acls disabled; users  with view permissions: Set(gitpod); groups with view permissions: Set(); users  with modify permissions: Set(gitpod); groups with modify permissions: Set()
20/11/15 22:24:38 INFO ExecutorRunner: Launch command: "/home/gitpod/.sdkman/candidates/java/current/bin/java" "-cp" "/workspace/cassandra.realtime/spark/spark-3.0.1-bin-hadoop2.7/conf/:/workspace/cassandra.realtime/spark/spark-3.0.1-bin-hadoop2.7/jars/*" "-Xmx1024M" "-Dspark.driver.port=39173" "org.apache.spark.executor.CoarseGrainedExecutorBackend" "--driver-url" "spark://CoarseGrainedScheduler@ws-b8a36d83-41af-40e1-a58b-3cfc68940859:39173" "--executor-id" "0" "--hostname" "10.8.7.145" "--cores" "5" "--app-id" "app-20201115222438-0033" "--worker-url" "spark://Worker@10.8.7.145:38861"
20/11/15 22:24:50 INFO Worker: Asked to kill executor app-20201115222438-0033/0
20/11/15 22:24:50 INFO ExecutorRunner: Runner thread for executor app-20201115222438-0033/0 interrupted
20/11/15 22:24:50 INFO ExecutorRunner: Killing process!
20/11/15 22:24:51 INFO Worker: Executor app-20201115222438-0033/0 finished with state KILLED exitStatus 143
20/11/15 22:24:51 INFO ExternalShuffleBlockResolver: Clean up non-shuffle and non-RDD files associated with the finished executor 0
20/11/15 22:24:51 INFO ExternalShuffleBlockResolver: Executor is not registered (appId=app-20201115222438-0033, execId=0)
20/11/15 22:24:51 INFO ExternalShuffleBlockResolver: Application app-20201115222438-0033 removed, cleanupLocalDirs = true
20/11/15 22:24:51 INFO Worker: Cleaning up local directories for application app-20201115222438-0033
20/11/15 22:25:41 INFO Worker: Asked to launch executor app-20201115222541-0034/0 for Leaves
20/11/15 22:25:41 INFO SecurityManager: Changing view acls to: gitpod
20/11/15 22:25:41 INFO SecurityManager: Changing modify acls to: gitpod
20/11/15 22:25:41 INFO SecurityManager: Changing view acls groups to: 
20/11/15 22:25:41 INFO SecurityManager: Changing modify acls groups to: 
20/11/15 22:25:41 INFO SecurityManager: SecurityManager: authentication disabled; ui acls disabled; users  with view permissions: Set(gitpod); groups with view permissions: Set(); users  with modify permissions: Set(gitpod); groups with modify permissions: Set()
20/11/15 22:25:41 INFO ExecutorRunner: Launch command: "/home/gitpod/.sdkman/candidates/java/current/bin/java" "-cp" "/workspace/cassandra.realtime/spark/spark-3.0.1-bin-hadoop2.7/conf/:/workspace/cassandra.realtime/spark/spark-3.0.1-bin-hadoop2.7/jars/*" "-Xmx1024M" "-Dspark.driver.port=40995" "org.apache.spark.executor.CoarseGrainedExecutorBackend" "--driver-url" "spark://CoarseGrainedScheduler@ws-b8a36d83-41af-40e1-a58b-3cfc68940859:40995" "--executor-id" "0" "--hostname" "10.8.7.145" "--cores" "5" "--app-id" "app-20201115222541-0034" "--worker-url" "spark://Worker@10.8.7.145:38861"
20/11/15 22:25:52 INFO Worker: Asked to kill executor app-20201115222541-0034/0
20/11/15 22:25:52 INFO ExecutorRunner: Runner thread for executor app-20201115222541-0034/0 interrupted
20/11/15 22:25:52 INFO ExecutorRunner: Killing process!
20/11/15 22:25:53 INFO Worker: Executor app-20201115222541-0034/0 finished with state KILLED exitStatus 143
20/11/15 22:25:53 INFO ExternalShuffleBlockResolver: Clean up non-shuffle and non-RDD files associated with the finished executor 0
20/11/15 22:25:53 INFO ExternalShuffleBlockResolver: Executor is not registered (appId=app-20201115222541-0034, execId=0)
20/11/15 22:25:53 INFO ExternalShuffleBlockResolver: Application app-20201115222541-0034 removed, cleanupLocalDirs = true
20/11/15 22:25:53 INFO Worker: Cleaning up local directories for application app-20201115222541-0034
20/11/15 22:26:53 INFO Worker: Asked to launch executor app-20201115222653-0035/0 for Leaves
20/11/15 22:26:53 INFO SecurityManager: Changing view acls to: gitpod
20/11/15 22:26:53 INFO SecurityManager: Changing modify acls to: gitpod
20/11/15 22:26:53 INFO SecurityManager: Changing view acls groups to: 
20/11/15 22:26:53 INFO SecurityManager: Changing modify acls groups to: 
20/11/15 22:26:53 INFO SecurityManager: SecurityManager: authentication disabled; ui acls disabled; users  with view permissions: Set(gitpod); groups with view permissions: Set(); users  with modify permissions: Set(gitpod); groups with modify permissions: Set()
20/11/15 22:26:53 INFO ExecutorRunner: Launch command: "/home/gitpod/.sdkman/candidates/java/current/bin/java" "-cp" "/workspace/cassandra.realtime/spark/spark-3.0.1-bin-hadoop2.7/conf/:/workspace/cassandra.realtime/spark/spark-3.0.1-bin-hadoop2.7/jars/*" "-Xmx1024M" "-Dspark.driver.port=41497" "org.apache.spark.executor.CoarseGrainedExecutorBackend" "--driver-url" "spark://CoarseGrainedScheduler@ws-b8a36d83-41af-40e1-a58b-3cfc68940859:41497" "--executor-id" "0" "--hostname" "10.8.7.145" "--cores" "5" "--app-id" "app-20201115222653-0035" "--worker-url" "spark://Worker@10.8.7.145:38861"
20/11/15 22:27:20 INFO Worker: Asked to kill executor app-20201115222653-0035/0
20/11/15 22:27:20 INFO ExecutorRunner: Runner thread for executor app-20201115222653-0035/0 interrupted
20/11/15 22:27:20 INFO ExecutorRunner: Killing process!
20/11/15 22:27:20 INFO Worker: Executor app-20201115222653-0035/0 finished with state KILLED exitStatus 143
20/11/15 22:27:20 INFO ExternalShuffleBlockResolver: Clean up non-shuffle and non-RDD files associated with the finished executor 0
20/11/15 22:27:20 INFO ExternalShuffleBlockResolver: Executor is not registered (appId=app-20201115222653-0035, execId=0)
20/11/15 22:27:20 INFO ExternalShuffleBlockResolver: Application app-20201115222653-0035 removed, cleanupLocalDirs = true
20/11/15 22:27:20 INFO Worker: Cleaning up local directories for application app-20201115222653-0035
20/11/15 22:28:42 INFO Worker: Asked to launch executor app-20201115222842-0036/0 for Leaves
20/11/15 22:28:42 INFO SecurityManager: Changing view acls to: gitpod
20/11/15 22:28:42 INFO SecurityManager: Changing modify acls to: gitpod
20/11/15 22:28:42 INFO SecurityManager: Changing view acls groups to: 
20/11/15 22:28:42 INFO SecurityManager: Changing modify acls groups to: 
20/11/15 22:28:42 INFO SecurityManager: SecurityManager: authentication disabled; ui acls disabled; users  with view permissions: Set(gitpod); groups with view permissions: Set(); users  with modify permissions: Set(gitpod); groups with modify permissions: Set()
20/11/15 22:28:42 INFO ExecutorRunner: Launch command: "/home/gitpod/.sdkman/candidates/java/current/bin/java" "-cp" "/workspace/cassandra.realtime/spark/spark-3.0.1-bin-hadoop2.7/conf/:/workspace/cassandra.realtime/spark/spark-3.0.1-bin-hadoop2.7/jars/*" "-Xmx1024M" "-Dspark.driver.port=43581" "org.apache.spark.executor.CoarseGrainedExecutorBackend" "--driver-url" "spark://CoarseGrainedScheduler@ws-b8a36d83-41af-40e1-a58b-3cfc68940859:43581" "--executor-id" "0" "--hostname" "10.8.7.145" "--cores" "5" "--app-id" "app-20201115222842-0036" "--worker-url" "spark://Worker@10.8.7.145:38861"
20/11/15 22:29:12 INFO Worker: Asked to kill executor app-20201115222842-0036/0
20/11/15 22:29:12 INFO ExecutorRunner: Runner thread for executor app-20201115222842-0036/0 interrupted
20/11/15 22:29:12 INFO ExecutorRunner: Killing process!
20/11/15 22:29:13 INFO Worker: Executor app-20201115222842-0036/0 finished with state KILLED exitStatus 143
20/11/15 22:29:13 INFO ExternalShuffleBlockResolver: Clean up non-shuffle and non-RDD files associated with the finished executor 0
20/11/15 22:29:13 INFO ExternalShuffleBlockResolver: Executor is not registered (appId=app-20201115222842-0036, execId=0)
20/11/15 22:29:13 INFO Worker: Cleaning up local directories for application app-20201115222842-0036
20/11/15 22:29:13 INFO ExternalShuffleBlockResolver: Application app-20201115222842-0036 removed, cleanupLocalDirs = true
