Picked up JAVA_TOOL_OPTIONS: -Xmx2254m
Spark Command: /home/gitpod/.sdkman/candidates/java/current/bin/java -cp /workspace/cassandra.realtime/spark/spark-3.0.1-bin-hadoop2.7/conf/:/workspace/cassandra.realtime/spark/spark-3.0.1-bin-hadoop2.7/jars/* -Xmx1g org.apache.spark.deploy.master.Master --host ws-305e0532-eee0-4b80-9a46-7bb9288c8ba3 --port 7077 --webui-port 8080
========================================
Picked up JAVA_TOOL_OPTIONS: -Xmx2254m
Using Spark's default log4j profile: org/apache/spark/log4j-defaults.properties
20/11/15 17:20:42 INFO Master: Started daemon with process name: 3765@ws-305e0532-eee0-4b80-9a46-7bb9288c8ba3
20/11/15 17:20:42 INFO SignalUtils: Registered signal handler for TERM
20/11/15 17:20:42 INFO SignalUtils: Registered signal handler for HUP
20/11/15 17:20:42 INFO SignalUtils: Registered signal handler for INT
WARNING: An illegal reflective access operation has occurred
WARNING: Illegal reflective access by org.apache.spark.unsafe.Platform (file:/workspace/cassandra.realtime/spark/spark-3.0.1-bin-hadoop2.7/jars/spark-unsafe_2.12-3.0.1.jar) to constructor java.nio.DirectByteBuffer(long,int)
WARNING: Please consider reporting this to the maintainers of org.apache.spark.unsafe.Platform
WARNING: Use --illegal-access=warn to enable warnings of further illegal reflective access operations
WARNING: All illegal access operations will be denied in a future release
20/11/15 17:20:43 WARN NativeCodeLoader: Unable to load native-hadoop library for your platform... using builtin-java classes where applicable
20/11/15 17:20:43 INFO SecurityManager: Changing view acls to: gitpod
20/11/15 17:20:43 INFO SecurityManager: Changing modify acls to: gitpod
20/11/15 17:20:43 INFO SecurityManager: Changing view acls groups to: 
20/11/15 17:20:43 INFO SecurityManager: Changing modify acls groups to: 
20/11/15 17:20:43 INFO SecurityManager: SecurityManager: authentication disabled; ui acls disabled; users  with view permissions: Set(gitpod); groups with view permissions: Set(); users  with modify permissions: Set(gitpod); groups with modify permissions: Set()
20/11/15 17:20:44 INFO Utils: Successfully started service 'sparkMaster' on port 7077.
20/11/15 17:20:44 INFO Master: Starting Spark master at spark://ws-305e0532-eee0-4b80-9a46-7bb9288c8ba3:7077
20/11/15 17:20:44 INFO Master: Running Spark version 3.0.1
20/11/15 17:20:44 INFO Utils: Successfully started service 'MasterUI' on port 8080.
20/11/15 17:20:44 INFO MasterWebUI: Bound MasterWebUI to 0.0.0.0, and started at http://ws-305e0532-eee0-4b80-9a46-7bb9288c8ba3:8080
20/11/15 17:20:44 INFO Master: I have been elected leader! New state: ALIVE
20/11/15 17:21:09 INFO Master: Registering worker 10.8.19.223:34181 with 5 cores, 58.0 GiB RAM
