Picked up JAVA_TOOL_OPTIONS: -Xmx2254m
Spark Command: /home/gitpod/.sdkman/candidates/java/current/bin/java -cp /workspace/cassandra.realtime/spark/spark-3.0.1-bin-hadoop2.7/conf/:/workspace/cassandra.realtime/spark/spark-3.0.1-bin-hadoop2.7/jars/* -Xmx1g org.apache.spark.deploy.worker.Worker --webui-port 8081 spark://ws-763ae24b-f444-4ec9-ab04-58a9b208cf41:7077
========================================
Picked up JAVA_TOOL_OPTIONS: -Xmx2254m
Using Spark's default log4j profile: org/apache/spark/log4j-defaults.properties
20/11/17 19:49:13 INFO Worker: Started daemon with process name: 74001@ws-763ae24b-f444-4ec9-ab04-58a9b208cf41
20/11/17 19:49:14 INFO SignalUtils: Registered signal handler for TERM
20/11/17 19:49:14 INFO SignalUtils: Registered signal handler for HUP
20/11/17 19:49:14 INFO SignalUtils: Registered signal handler for INT
WARNING: An illegal reflective access operation has occurred
WARNING: Illegal reflective access by org.apache.spark.unsafe.Platform (file:/workspace/cassandra.realtime/spark/spark-3.0.1-bin-hadoop2.7/jars/spark-unsafe_2.12-3.0.1.jar) to constructor java.nio.DirectByteBuffer(long,int)
WARNING: Please consider reporting this to the maintainers of org.apache.spark.unsafe.Platform
WARNING: Use --illegal-access=warn to enable warnings of further illegal reflective access operations
WARNING: All illegal access operations will be denied in a future release
20/11/17 19:49:14 WARN NativeCodeLoader: Unable to load native-hadoop library for your platform... using builtin-java classes where applicable
20/11/17 19:49:14 INFO SecurityManager: Changing view acls to: gitpod
20/11/17 19:49:14 INFO SecurityManager: Changing modify acls to: gitpod
20/11/17 19:49:14 INFO SecurityManager: Changing view acls groups to: 
20/11/17 19:49:14 INFO SecurityManager: Changing modify acls groups to: 
20/11/17 19:49:14 INFO SecurityManager: SecurityManager: authentication disabled; ui acls disabled; users  with view permissions: Set(gitpod); groups with view permissions: Set(); users  with modify permissions: Set(gitpod); groups with modify permissions: Set()
20/11/17 19:49:15 INFO Utils: Successfully started service 'sparkWorker' on port 37659.
20/11/17 19:49:15 INFO Worker: Starting Spark worker 10.8.9.203:37659 with 5 cores, 58.0 GiB RAM
20/11/17 19:49:15 INFO Worker: Running Spark version 3.0.1
20/11/17 19:49:15 INFO Worker: Spark home: /workspace/cassandra.realtime/spark/spark-3.0.1-bin-hadoop2.7
20/11/17 19:49:15 INFO ResourceUtils: ==============================================================
20/11/17 19:49:15 INFO ResourceUtils: Resources for spark.worker:

20/11/17 19:49:15 INFO ResourceUtils: ==============================================================
20/11/17 19:49:15 WARN Utils: Service 'WorkerUI' could not bind on port 8081. Attempting port 8082.
20/11/17 19:49:15 WARN Utils: Service 'WorkerUI' could not bind on port 8082. Attempting port 8083.
20/11/17 19:49:15 WARN Utils: Service 'WorkerUI' could not bind on port 8083. Attempting port 8084.
20/11/17 19:49:15 INFO Utils: Successfully started service 'WorkerUI' on port 8084.
20/11/17 19:49:15 INFO WorkerWebUI: Bound WorkerWebUI to 0.0.0.0, and started at http://ws-763ae24b-f444-4ec9-ab04-58a9b208cf41:8084
20/11/17 19:49:15 INFO Worker: Connecting to master ws-763ae24b-f444-4ec9-ab04-58a9b208cf41:7077...
20/11/17 19:49:15 INFO TransportClientFactory: Successfully created connection to ws-763ae24b-f444-4ec9-ab04-58a9b208cf41/10.8.9.203:7077 after 40 ms (0 ms spent in bootstraps)
20/11/17 19:49:16 INFO Worker: Successfully registered with master spark://ws-763ae24b-f444-4ec9-ab04-58a9b208cf41:7077
20/11/17 20:10:48 INFO Worker: Asked to launch executor app-20201117201048-0000/0 for Leaves
20/11/17 20:10:49 INFO SecurityManager: Changing view acls to: gitpod
20/11/17 20:10:49 INFO SecurityManager: Changing modify acls to: gitpod
20/11/17 20:10:49 INFO SecurityManager: Changing view acls groups to: 
20/11/17 20:10:49 INFO SecurityManager: Changing modify acls groups to: 
20/11/17 20:10:49 INFO SecurityManager: SecurityManager: authentication disabled; ui acls disabled; users  with view permissions: Set(gitpod); groups with view permissions: Set(); users  with modify permissions: Set(gitpod); groups with modify permissions: Set()
20/11/17 20:10:49 INFO ExecutorRunner: Launch command: "/home/gitpod/.sdkman/candidates/java/current/bin/java" "-cp" "/workspace/cassandra.realtime/spark/spark-3.0.1-bin-hadoop2.7/conf/:/workspace/cassandra.realtime/spark/spark-3.0.1-bin-hadoop2.7/jars/*" "-Xmx1024M" "-Dspark.driver.port=37467" "org.apache.spark.executor.CoarseGrainedExecutorBackend" "--driver-url" "spark://CoarseGrainedScheduler@ws-763ae24b-f444-4ec9-ab04-58a9b208cf41:37467" "--executor-id" "0" "--hostname" "10.8.9.203" "--cores" "5" "--app-id" "app-20201117201048-0000" "--worker-url" "spark://Worker@10.8.9.203:37659"
20/11/17 20:10:52 INFO Worker: Asked to kill executor app-20201117201048-0000/0
20/11/17 20:10:52 INFO ExecutorRunner: Runner thread for executor app-20201117201048-0000/0 interrupted
20/11/17 20:10:52 INFO ExecutorRunner: Killing process!
20/11/17 20:10:52 INFO Worker: Executor app-20201117201048-0000/0 finished with state KILLED exitStatus 143
20/11/17 20:10:52 INFO ExternalShuffleBlockResolver: Clean up non-shuffle and non-RDD files associated with the finished executor 0
20/11/17 20:10:52 INFO ExternalShuffleBlockResolver: Executor is not registered (appId=app-20201117201048-0000, execId=0)
20/11/17 20:10:52 INFO ExternalShuffleBlockResolver: Application app-20201117201048-0000 removed, cleanupLocalDirs = true
20/11/17 20:10:52 INFO Worker: Cleaning up local directories for application app-20201117201048-0000
20/11/17 20:15:39 INFO Worker: Asked to launch executor app-20201117201539-0001/0 for Leaves
20/11/17 20:15:39 INFO SecurityManager: Changing view acls to: gitpod
20/11/17 20:15:39 INFO SecurityManager: Changing modify acls to: gitpod
20/11/17 20:15:39 INFO SecurityManager: Changing view acls groups to: 
20/11/17 20:15:39 INFO SecurityManager: Changing modify acls groups to: 
20/11/17 20:15:39 INFO SecurityManager: SecurityManager: authentication disabled; ui acls disabled; users  with view permissions: Set(gitpod); groups with view permissions: Set(); users  with modify permissions: Set(gitpod); groups with modify permissions: Set()
20/11/17 20:15:39 INFO ExecutorRunner: Launch command: "/home/gitpod/.sdkman/candidates/java/current/bin/java" "-cp" "/workspace/cassandra.realtime/spark/spark-3.0.1-bin-hadoop2.7/conf/:/workspace/cassandra.realtime/spark/spark-3.0.1-bin-hadoop2.7/jars/*" "-Xmx1024M" "-Dspark.driver.port=39637" "org.apache.spark.executor.CoarseGrainedExecutorBackend" "--driver-url" "spark://CoarseGrainedScheduler@ws-763ae24b-f444-4ec9-ab04-58a9b208cf41:39637" "--executor-id" "0" "--hostname" "10.8.9.203" "--cores" "5" "--app-id" "app-20201117201539-0001" "--worker-url" "spark://Worker@10.8.9.203:37659"
20/11/17 20:15:46 INFO Worker: Asked to kill executor app-20201117201539-0001/0
20/11/17 20:15:46 INFO ExecutorRunner: Runner thread for executor app-20201117201539-0001/0 interrupted
20/11/17 20:15:46 INFO ExecutorRunner: Killing process!
20/11/17 20:15:46 INFO Worker: Executor app-20201117201539-0001/0 finished with state KILLED exitStatus 143
20/11/17 20:15:46 INFO ExternalShuffleBlockResolver: Clean up non-shuffle and non-RDD files associated with the finished executor 0
20/11/17 20:15:46 INFO ExternalShuffleBlockResolver: Executor is not registered (appId=app-20201117201539-0001, execId=0)
20/11/17 20:15:46 INFO ExternalShuffleBlockResolver: Application app-20201117201539-0001 removed, cleanupLocalDirs = true
20/11/17 20:15:46 INFO Worker: Cleaning up local directories for application app-20201117201539-0001
20/11/17 20:16:25 INFO Worker: Asked to launch executor app-20201117201625-0002/0 for Leaves
20/11/17 20:16:25 INFO SecurityManager: Changing view acls to: gitpod
20/11/17 20:16:25 INFO SecurityManager: Changing modify acls to: gitpod
20/11/17 20:16:25 INFO SecurityManager: Changing view acls groups to: 
20/11/17 20:16:25 INFO SecurityManager: Changing modify acls groups to: 
20/11/17 20:16:25 INFO SecurityManager: SecurityManager: authentication disabled; ui acls disabled; users  with view permissions: Set(gitpod); groups with view permissions: Set(); users  with modify permissions: Set(gitpod); groups with modify permissions: Set()
20/11/17 20:16:25 INFO ExecutorRunner: Launch command: "/home/gitpod/.sdkman/candidates/java/current/bin/java" "-cp" "/workspace/cassandra.realtime/spark/spark-3.0.1-bin-hadoop2.7/conf/:/workspace/cassandra.realtime/spark/spark-3.0.1-bin-hadoop2.7/jars/*" "-Xmx1024M" "-Dspark.driver.port=34787" "org.apache.spark.executor.CoarseGrainedExecutorBackend" "--driver-url" "spark://CoarseGrainedScheduler@ws-763ae24b-f444-4ec9-ab04-58a9b208cf41:34787" "--executor-id" "0" "--hostname" "10.8.9.203" "--cores" "5" "--app-id" "app-20201117201625-0002" "--worker-url" "spark://Worker@10.8.9.203:37659"
20/11/17 20:16:33 INFO Worker: Asked to kill executor app-20201117201625-0002/0
20/11/17 20:16:33 INFO ExecutorRunner: Runner thread for executor app-20201117201625-0002/0 interrupted
20/11/17 20:16:33 INFO ExecutorRunner: Killing process!
20/11/17 20:16:33 INFO Worker: Executor app-20201117201625-0002/0 finished with state KILLED exitStatus 143
20/11/17 20:16:33 INFO ExternalShuffleBlockResolver: Clean up non-shuffle and non-RDD files associated with the finished executor 0
20/11/17 20:16:33 INFO ExternalShuffleBlockResolver: Executor is not registered (appId=app-20201117201625-0002, execId=0)
20/11/17 20:16:33 INFO ExternalShuffleBlockResolver: Application app-20201117201625-0002 removed, cleanupLocalDirs = true
20/11/17 20:16:33 INFO Worker: Cleaning up local directories for application app-20201117201625-0002
20/11/17 20:17:44 INFO Worker: Asked to launch executor app-20201117201744-0003/0 for Leaves
20/11/17 20:17:44 INFO SecurityManager: Changing view acls to: gitpod
20/11/17 20:17:44 INFO SecurityManager: Changing modify acls to: gitpod
20/11/17 20:17:44 INFO SecurityManager: Changing view acls groups to: 
20/11/17 20:17:44 INFO SecurityManager: Changing modify acls groups to: 
20/11/17 20:17:44 INFO SecurityManager: SecurityManager: authentication disabled; ui acls disabled; users  with view permissions: Set(gitpod); groups with view permissions: Set(); users  with modify permissions: Set(gitpod); groups with modify permissions: Set()
20/11/17 20:17:44 INFO ExecutorRunner: Launch command: "/home/gitpod/.sdkman/candidates/java/current/bin/java" "-cp" "/workspace/cassandra.realtime/spark/spark-3.0.1-bin-hadoop2.7/conf/:/workspace/cassandra.realtime/spark/spark-3.0.1-bin-hadoop2.7/jars/*" "-Xmx1024M" "-Dspark.driver.port=38753" "org.apache.spark.executor.CoarseGrainedExecutorBackend" "--driver-url" "spark://CoarseGrainedScheduler@ws-763ae24b-f444-4ec9-ab04-58a9b208cf41:38753" "--executor-id" "0" "--hostname" "10.8.9.203" "--cores" "5" "--app-id" "app-20201117201744-0003" "--worker-url" "spark://Worker@10.8.9.203:37659"
20/11/17 20:19:09 INFO Worker: Asked to kill executor app-20201117201744-0003/0
20/11/17 20:19:09 INFO ExecutorRunner: Runner thread for executor app-20201117201744-0003/0 interrupted
20/11/17 20:19:09 INFO ExecutorRunner: Killing process!
20/11/17 20:19:09 INFO Worker: Executor app-20201117201744-0003/0 finished with state KILLED exitStatus 143
20/11/17 20:19:09 INFO ExternalShuffleBlockResolver: Clean up non-shuffle and non-RDD files associated with the finished executor 0
20/11/17 20:19:09 INFO ExternalShuffleBlockResolver: Executor is not registered (appId=app-20201117201744-0003, execId=0)
20/11/17 20:19:09 INFO ExternalShuffleBlockResolver: Application app-20201117201744-0003 removed, cleanupLocalDirs = true
20/11/17 20:19:09 INFO Worker: Cleaning up local directories for application app-20201117201744-0003
20/11/17 20:25:41 INFO Worker: Asked to launch executor app-20201117202541-0004/0 for Leaves
20/11/17 20:25:41 INFO SecurityManager: Changing view acls to: gitpod
20/11/17 20:25:41 INFO SecurityManager: Changing modify acls to: gitpod
20/11/17 20:25:41 INFO SecurityManager: Changing view acls groups to: 
20/11/17 20:25:41 INFO SecurityManager: Changing modify acls groups to: 
20/11/17 20:25:41 INFO SecurityManager: SecurityManager: authentication disabled; ui acls disabled; users  with view permissions: Set(gitpod); groups with view permissions: Set(); users  with modify permissions: Set(gitpod); groups with modify permissions: Set()
20/11/17 20:25:42 INFO ExecutorRunner: Launch command: "/home/gitpod/.sdkman/candidates/java/current/bin/java" "-cp" "/workspace/cassandra.realtime/spark/spark-3.0.1-bin-hadoop2.7/conf/:/workspace/cassandra.realtime/spark/spark-3.0.1-bin-hadoop2.7/jars/*" "-Xmx1024M" "-Dspark.driver.port=46735" "org.apache.spark.executor.CoarseGrainedExecutorBackend" "--driver-url" "spark://CoarseGrainedScheduler@ws-763ae24b-f444-4ec9-ab04-58a9b208cf41:46735" "--executor-id" "0" "--hostname" "10.8.9.203" "--cores" "5" "--app-id" "app-20201117202541-0004" "--worker-url" "spark://Worker@10.8.9.203:37659"
20/11/17 20:26:24 INFO Worker: Asked to kill executor app-20201117202541-0004/0
20/11/17 20:26:24 INFO ExecutorRunner: Runner thread for executor app-20201117202541-0004/0 interrupted
20/11/17 20:26:24 INFO ExecutorRunner: Killing process!
20/11/17 20:26:24 INFO Worker: Executor app-20201117202541-0004/0 finished with state KILLED exitStatus 143
20/11/17 20:26:24 INFO ExternalShuffleBlockResolver: Clean up non-shuffle and non-RDD files associated with the finished executor 0
20/11/17 20:26:24 INFO ExternalShuffleBlockResolver: Executor is not registered (appId=app-20201117202541-0004, execId=0)
20/11/17 20:26:24 INFO ExternalShuffleBlockResolver: Application app-20201117202541-0004 removed, cleanupLocalDirs = true
20/11/17 20:26:24 INFO Worker: Cleaning up local directories for application app-20201117202541-0004
20/11/17 20:35:27 INFO Worker: Asked to launch executor app-20201117203527-0005/0 for Leaves
20/11/17 20:35:27 INFO SecurityManager: Changing view acls to: gitpod
20/11/17 20:35:27 INFO SecurityManager: Changing modify acls to: gitpod
20/11/17 20:35:27 INFO SecurityManager: Changing view acls groups to: 
20/11/17 20:35:27 INFO SecurityManager: Changing modify acls groups to: 
20/11/17 20:35:27 INFO SecurityManager: SecurityManager: authentication disabled; ui acls disabled; users  with view permissions: Set(gitpod); groups with view permissions: Set(); users  with modify permissions: Set(gitpod); groups with modify permissions: Set()
20/11/17 20:35:27 INFO ExecutorRunner: Launch command: "/home/gitpod/.sdkman/candidates/java/current/bin/java" "-cp" "/workspace/cassandra.realtime/spark/spark-3.0.1-bin-hadoop2.7/conf/:/workspace/cassandra.realtime/spark/spark-3.0.1-bin-hadoop2.7/jars/*" "-Xmx1024M" "-Dspark.driver.port=39111" "org.apache.spark.executor.CoarseGrainedExecutorBackend" "--driver-url" "spark://CoarseGrainedScheduler@ws-763ae24b-f444-4ec9-ab04-58a9b208cf41:39111" "--executor-id" "0" "--hostname" "10.8.9.203" "--cores" "5" "--app-id" "app-20201117203527-0005" "--worker-url" "spark://Worker@10.8.9.203:37659"
20/11/17 20:36:18 INFO Worker: Asked to kill executor app-20201117203527-0005/0
20/11/17 20:36:18 INFO ExecutorRunner: Runner thread for executor app-20201117203527-0005/0 interrupted
20/11/17 20:36:18 INFO ExecutorRunner: Killing process!
20/11/17 20:36:18 INFO Worker: Executor app-20201117203527-0005/0 finished with state KILLED exitStatus 143
20/11/17 20:36:18 INFO ExternalShuffleBlockResolver: Clean up non-shuffle and non-RDD files associated with the finished executor 0
20/11/17 20:36:18 INFO ExternalShuffleBlockResolver: Executor is not registered (appId=app-20201117203527-0005, execId=0)
20/11/17 20:36:18 INFO ExternalShuffleBlockResolver: Application app-20201117203527-0005 removed, cleanupLocalDirs = true
20/11/17 20:36:18 INFO Worker: Cleaning up local directories for application app-20201117203527-0005
20/11/17 20:42:35 INFO Worker: Asked to launch executor app-20201117204235-0006/0 for Leaves
20/11/17 20:42:35 INFO SecurityManager: Changing view acls to: gitpod
20/11/17 20:42:35 INFO SecurityManager: Changing modify acls to: gitpod
20/11/17 20:42:35 INFO SecurityManager: Changing view acls groups to: 
20/11/17 20:42:35 INFO SecurityManager: Changing modify acls groups to: 
20/11/17 20:42:35 INFO SecurityManager: SecurityManager: authentication disabled; ui acls disabled; users  with view permissions: Set(gitpod); groups with view permissions: Set(); users  with modify permissions: Set(gitpod); groups with modify permissions: Set()
20/11/17 20:42:35 INFO ExecutorRunner: Launch command: "/home/gitpod/.sdkman/candidates/java/current/bin/java" "-cp" "/workspace/cassandra.realtime/spark/spark-3.0.1-bin-hadoop2.7/conf/:/workspace/cassandra.realtime/spark/spark-3.0.1-bin-hadoop2.7/jars/*" "-Xmx1024M" "-Dspark.driver.port=38251" "org.apache.spark.executor.CoarseGrainedExecutorBackend" "--driver-url" "spark://CoarseGrainedScheduler@ws-763ae24b-f444-4ec9-ab04-58a9b208cf41:38251" "--executor-id" "0" "--hostname" "10.8.9.203" "--cores" "5" "--app-id" "app-20201117204235-0006" "--worker-url" "spark://Worker@10.8.9.203:37659"
20/11/17 20:43:58 INFO Worker: Asked to kill executor app-20201117204235-0006/0
20/11/17 20:43:58 INFO ExecutorRunner: Runner thread for executor app-20201117204235-0006/0 interrupted
20/11/17 20:43:58 INFO ExecutorRunner: Killing process!
20/11/17 20:43:59 INFO Worker: Executor app-20201117204235-0006/0 finished with state KILLED exitStatus 143
20/11/17 20:43:59 INFO ExternalShuffleBlockResolver: Clean up non-shuffle and non-RDD files associated with the finished executor 0
20/11/17 20:43:59 INFO ExternalShuffleBlockResolver: Executor is not registered (appId=app-20201117204235-0006, execId=0)
20/11/17 20:43:59 INFO ExternalShuffleBlockResolver: Application app-20201117204235-0006 removed, cleanupLocalDirs = true
20/11/17 20:43:59 INFO Worker: Cleaning up local directories for application app-20201117204235-0006
20/11/17 20:45:31 INFO Worker: Asked to launch executor app-20201117204531-0007/0 for Leaves
20/11/17 20:45:31 INFO SecurityManager: Changing view acls to: gitpod
20/11/17 20:45:31 INFO SecurityManager: Changing modify acls to: gitpod
20/11/17 20:45:31 INFO SecurityManager: Changing view acls groups to: 
20/11/17 20:45:31 INFO SecurityManager: Changing modify acls groups to: 
20/11/17 20:45:31 INFO SecurityManager: SecurityManager: authentication disabled; ui acls disabled; users  with view permissions: Set(gitpod); groups with view permissions: Set(); users  with modify permissions: Set(gitpod); groups with modify permissions: Set()
20/11/17 20:45:31 INFO ExecutorRunner: Launch command: "/home/gitpod/.sdkman/candidates/java/current/bin/java" "-cp" "/workspace/cassandra.realtime/spark/spark-3.0.1-bin-hadoop2.7/conf/:/workspace/cassandra.realtime/spark/spark-3.0.1-bin-hadoop2.7/jars/*" "-Xmx1024M" "-Dspark.driver.port=34999" "org.apache.spark.executor.CoarseGrainedExecutorBackend" "--driver-url" "spark://CoarseGrainedScheduler@ws-763ae24b-f444-4ec9-ab04-58a9b208cf41:34999" "--executor-id" "0" "--hostname" "10.8.9.203" "--cores" "5" "--app-id" "app-20201117204531-0007" "--worker-url" "spark://Worker@10.8.9.203:37659"
20/11/17 20:46:32 INFO Worker: Asked to kill executor app-20201117204531-0007/0
20/11/17 20:46:32 INFO ExecutorRunner: Runner thread for executor app-20201117204531-0007/0 interrupted
20/11/17 20:46:32 INFO ExecutorRunner: Killing process!
20/11/17 20:46:33 INFO Worker: Executor app-20201117204531-0007/0 finished with state KILLED exitStatus 143
20/11/17 20:46:33 INFO ExternalShuffleBlockResolver: Clean up non-shuffle and non-RDD files associated with the finished executor 0
20/11/17 20:46:33 INFO ExternalShuffleBlockResolver: Executor is not registered (appId=app-20201117204531-0007, execId=0)
20/11/17 20:46:33 INFO ExternalShuffleBlockResolver: Application app-20201117204531-0007 removed, cleanupLocalDirs = true
20/11/17 20:46:33 INFO Worker: Cleaning up local directories for application app-20201117204531-0007
20/11/17 20:49:25 INFO Worker: Asked to launch executor app-20201117204925-0008/0 for Leaves
20/11/17 20:49:25 INFO SecurityManager: Changing view acls to: gitpod
20/11/17 20:49:25 INFO SecurityManager: Changing modify acls to: gitpod
20/11/17 20:49:25 INFO SecurityManager: Changing view acls groups to: 
20/11/17 20:49:25 INFO SecurityManager: Changing modify acls groups to: 
20/11/17 20:49:25 INFO SecurityManager: SecurityManager: authentication disabled; ui acls disabled; users  with view permissions: Set(gitpod); groups with view permissions: Set(); users  with modify permissions: Set(gitpod); groups with modify permissions: Set()
20/11/17 20:49:25 INFO ExecutorRunner: Launch command: "/home/gitpod/.sdkman/candidates/java/current/bin/java" "-cp" "/workspace/cassandra.realtime/spark/spark-3.0.1-bin-hadoop2.7/conf/:/workspace/cassandra.realtime/spark/spark-3.0.1-bin-hadoop2.7/jars/*" "-Xmx1024M" "-Dspark.driver.port=32769" "org.apache.spark.executor.CoarseGrainedExecutorBackend" "--driver-url" "spark://CoarseGrainedScheduler@ws-763ae24b-f444-4ec9-ab04-58a9b208cf41:32769" "--executor-id" "0" "--hostname" "10.8.9.203" "--cores" "5" "--app-id" "app-20201117204925-0008" "--worker-url" "spark://Worker@10.8.9.203:37659"
20/11/17 20:49:30 INFO Worker: Asked to kill executor app-20201117204925-0008/0
20/11/17 20:49:30 INFO ExecutorRunner: Runner thread for executor app-20201117204925-0008/0 interrupted
20/11/17 20:49:30 INFO ExecutorRunner: Killing process!
20/11/17 20:49:31 INFO Worker: Executor app-20201117204925-0008/0 finished with state KILLED exitStatus 143
20/11/17 20:49:31 INFO ExternalShuffleBlockResolver: Clean up non-shuffle and non-RDD files associated with the finished executor 0
20/11/17 20:49:31 INFO ExternalShuffleBlockResolver: Executor is not registered (appId=app-20201117204925-0008, execId=0)
20/11/17 20:49:31 INFO ExternalShuffleBlockResolver: Application app-20201117204925-0008 removed, cleanupLocalDirs = true
20/11/17 20:49:31 INFO Worker: Cleaning up local directories for application app-20201117204925-0008
20/11/17 20:52:48 INFO Worker: Asked to launch executor app-20201117205248-0009/0 for Leaves
20/11/17 20:52:48 INFO SecurityManager: Changing view acls to: gitpod
20/11/17 20:52:48 INFO SecurityManager: Changing modify acls to: gitpod
20/11/17 20:52:48 INFO SecurityManager: Changing view acls groups to: 
20/11/17 20:52:48 INFO SecurityManager: Changing modify acls groups to: 
20/11/17 20:52:48 INFO SecurityManager: SecurityManager: authentication disabled; ui acls disabled; users  with view permissions: Set(gitpod); groups with view permissions: Set(); users  with modify permissions: Set(gitpod); groups with modify permissions: Set()
20/11/17 20:52:48 INFO ExecutorRunner: Launch command: "/home/gitpod/.sdkman/candidates/java/current/bin/java" "-cp" "/workspace/cassandra.realtime/spark/spark-3.0.1-bin-hadoop2.7/conf/:/workspace/cassandra.realtime/spark/spark-3.0.1-bin-hadoop2.7/jars/*" "-Xmx1024M" "-Dspark.driver.port=36169" "org.apache.spark.executor.CoarseGrainedExecutorBackend" "--driver-url" "spark://CoarseGrainedScheduler@ws-763ae24b-f444-4ec9-ab04-58a9b208cf41:36169" "--executor-id" "0" "--hostname" "10.8.9.203" "--cores" "5" "--app-id" "app-20201117205248-0009" "--worker-url" "spark://Worker@10.8.9.203:37659"
20/11/17 20:53:11 INFO Worker: Asked to kill executor app-20201117205248-0009/0
20/11/17 20:53:11 INFO ExecutorRunner: Runner thread for executor app-20201117205248-0009/0 interrupted
20/11/17 20:53:11 INFO ExecutorRunner: Killing process!
20/11/17 20:53:11 INFO Worker: Executor app-20201117205248-0009/0 finished with state KILLED exitStatus 143
20/11/17 20:53:11 INFO ExternalShuffleBlockResolver: Clean up non-shuffle and non-RDD files associated with the finished executor 0
20/11/17 20:53:11 INFO ExternalShuffleBlockResolver: Executor is not registered (appId=app-20201117205248-0009, execId=0)
20/11/17 20:53:11 INFO ExternalShuffleBlockResolver: Application app-20201117205248-0009 removed, cleanupLocalDirs = true
20/11/17 20:53:11 INFO Worker: Cleaning up local directories for application app-20201117205248-0009
20/11/17 20:58:38 INFO Worker: Asked to launch executor app-20201117205838-0010/0 for Leaves
20/11/17 20:58:38 INFO SecurityManager: Changing view acls to: gitpod
20/11/17 20:58:38 INFO SecurityManager: Changing modify acls to: gitpod
20/11/17 20:58:38 INFO SecurityManager: Changing view acls groups to: 
20/11/17 20:58:38 INFO SecurityManager: Changing modify acls groups to: 
20/11/17 20:58:38 INFO SecurityManager: SecurityManager: authentication disabled; ui acls disabled; users  with view permissions: Set(gitpod); groups with view permissions: Set(); users  with modify permissions: Set(gitpod); groups with modify permissions: Set()
20/11/17 20:58:38 INFO ExecutorRunner: Launch command: "/home/gitpod/.sdkman/candidates/java/current/bin/java" "-cp" "/workspace/cassandra.realtime/spark/spark-3.0.1-bin-hadoop2.7/conf/:/workspace/cassandra.realtime/spark/spark-3.0.1-bin-hadoop2.7/jars/*" "-Xmx1024M" "-Dspark.driver.port=40557" "org.apache.spark.executor.CoarseGrainedExecutorBackend" "--driver-url" "spark://CoarseGrainedScheduler@ws-763ae24b-f444-4ec9-ab04-58a9b208cf41:40557" "--executor-id" "0" "--hostname" "10.8.9.203" "--cores" "5" "--app-id" "app-20201117205838-0010" "--worker-url" "spark://Worker@10.8.9.203:37659"
20/11/17 20:58:58 INFO Worker: Asked to kill executor app-20201117205838-0010/0
20/11/17 20:58:58 INFO ExecutorRunner: Runner thread for executor app-20201117205838-0010/0 interrupted
20/11/17 20:58:58 INFO ExecutorRunner: Killing process!
20/11/17 20:58:58 INFO Worker: Executor app-20201117205838-0010/0 finished with state KILLED exitStatus 143
20/11/17 20:58:58 INFO ExternalShuffleBlockResolver: Clean up non-shuffle and non-RDD files associated with the finished executor 0
20/11/17 20:58:58 INFO ExternalShuffleBlockResolver: Executor is not registered (appId=app-20201117205838-0010, execId=0)
20/11/17 20:58:58 INFO ExternalShuffleBlockResolver: Application app-20201117205838-0010 removed, cleanupLocalDirs = true
20/11/17 20:58:58 INFO Worker: Cleaning up local directories for application app-20201117205838-0010
20/11/17 21:04:03 INFO Worker: Asked to launch executor app-20201117210403-0011/0 for Leaves
20/11/17 21:04:03 INFO SecurityManager: Changing view acls to: gitpod
20/11/17 21:04:03 INFO SecurityManager: Changing modify acls to: gitpod
20/11/17 21:04:03 INFO SecurityManager: Changing view acls groups to: 
20/11/17 21:04:03 INFO SecurityManager: Changing modify acls groups to: 
20/11/17 21:04:03 INFO SecurityManager: SecurityManager: authentication disabled; ui acls disabled; users  with view permissions: Set(gitpod); groups with view permissions: Set(); users  with modify permissions: Set(gitpod); groups with modify permissions: Set()
20/11/17 21:04:03 INFO ExecutorRunner: Launch command: "/home/gitpod/.sdkman/candidates/java/current/bin/java" "-cp" "/workspace/cassandra.realtime/spark/spark-3.0.1-bin-hadoop2.7/conf/:/workspace/cassandra.realtime/spark/spark-3.0.1-bin-hadoop2.7/jars/*" "-Xmx1024M" "-Dspark.driver.port=35019" "org.apache.spark.executor.CoarseGrainedExecutorBackend" "--driver-url" "spark://CoarseGrainedScheduler@ws-763ae24b-f444-4ec9-ab04-58a9b208cf41:35019" "--executor-id" "0" "--hostname" "10.8.9.203" "--cores" "5" "--app-id" "app-20201117210403-0011" "--worker-url" "spark://Worker@10.8.9.203:37659"
20/11/17 21:04:46 INFO Worker: Asked to kill executor app-20201117210403-0011/0
20/11/17 21:04:46 INFO ExecutorRunner: Runner thread for executor app-20201117210403-0011/0 interrupted
20/11/17 21:04:46 INFO ExecutorRunner: Killing process!
20/11/17 21:04:46 INFO Worker: Executor app-20201117210403-0011/0 finished with state KILLED exitStatus 143
20/11/17 21:04:46 INFO ExternalShuffleBlockResolver: Clean up non-shuffle and non-RDD files associated with the finished executor 0
20/11/17 21:04:46 INFO ExternalShuffleBlockResolver: Executor is not registered (appId=app-20201117210403-0011, execId=0)
20/11/17 21:04:46 INFO ExternalShuffleBlockResolver: Application app-20201117210403-0011 removed, cleanupLocalDirs = true
20/11/17 21:04:46 INFO Worker: Cleaning up local directories for application app-20201117210403-0011
20/11/17 21:07:02 INFO Worker: Asked to launch executor app-20201117210702-0012/0 for Leaves
20/11/17 21:07:02 INFO SecurityManager: Changing view acls to: gitpod
20/11/17 21:07:02 INFO SecurityManager: Changing modify acls to: gitpod
20/11/17 21:07:02 INFO SecurityManager: Changing view acls groups to: 
20/11/17 21:07:02 INFO SecurityManager: Changing modify acls groups to: 
20/11/17 21:07:02 INFO SecurityManager: SecurityManager: authentication disabled; ui acls disabled; users  with view permissions: Set(gitpod); groups with view permissions: Set(); users  with modify permissions: Set(gitpod); groups with modify permissions: Set()
20/11/17 21:07:02 INFO ExecutorRunner: Launch command: "/home/gitpod/.sdkman/candidates/java/current/bin/java" "-cp" "/workspace/cassandra.realtime/spark/spark-3.0.1-bin-hadoop2.7/conf/:/workspace/cassandra.realtime/spark/spark-3.0.1-bin-hadoop2.7/jars/*" "-Xmx1024M" "-Dspark.driver.port=37551" "org.apache.spark.executor.CoarseGrainedExecutorBackend" "--driver-url" "spark://CoarseGrainedScheduler@ws-763ae24b-f444-4ec9-ab04-58a9b208cf41:37551" "--executor-id" "0" "--hostname" "10.8.9.203" "--cores" "5" "--app-id" "app-20201117210702-0012" "--worker-url" "spark://Worker@10.8.9.203:37659"
20/11/17 21:07:25 INFO Worker: Asked to kill executor app-20201117210702-0012/0
20/11/17 21:07:25 INFO ExecutorRunner: Runner thread for executor app-20201117210702-0012/0 interrupted
20/11/17 21:07:25 INFO ExecutorRunner: Killing process!
20/11/17 21:07:25 INFO Worker: Executor app-20201117210702-0012/0 finished with state KILLED exitStatus 143
20/11/17 21:07:25 INFO ExternalShuffleBlockResolver: Clean up non-shuffle and non-RDD files associated with the finished executor 0
20/11/17 21:07:25 INFO ExternalShuffleBlockResolver: Executor is not registered (appId=app-20201117210702-0012, execId=0)
20/11/17 21:07:25 INFO ExternalShuffleBlockResolver: Application app-20201117210702-0012 removed, cleanupLocalDirs = true
20/11/17 21:07:25 INFO Worker: Cleaning up local directories for application app-20201117210702-0012
20/11/17 21:13:41 INFO Worker: Asked to launch executor app-20201117211341-0013/0 for Leaves
20/11/17 21:13:41 INFO SecurityManager: Changing view acls to: gitpod
20/11/17 21:13:41 INFO SecurityManager: Changing modify acls to: gitpod
20/11/17 21:13:41 INFO SecurityManager: Changing view acls groups to: 
20/11/17 21:13:41 INFO SecurityManager: Changing modify acls groups to: 
20/11/17 21:13:41 INFO SecurityManager: SecurityManager: authentication disabled; ui acls disabled; users  with view permissions: Set(gitpod); groups with view permissions: Set(); users  with modify permissions: Set(gitpod); groups with modify permissions: Set()
20/11/17 21:13:41 INFO ExecutorRunner: Launch command: "/home/gitpod/.sdkman/candidates/java/current/bin/java" "-cp" "/workspace/cassandra.realtime/spark/spark-3.0.1-bin-hadoop2.7/conf/:/workspace/cassandra.realtime/spark/spark-3.0.1-bin-hadoop2.7/jars/*" "-Xmx1024M" "-Dspark.driver.port=45445" "org.apache.spark.executor.CoarseGrainedExecutorBackend" "--driver-url" "spark://CoarseGrainedScheduler@ws-763ae24b-f444-4ec9-ab04-58a9b208cf41:45445" "--executor-id" "0" "--hostname" "10.8.9.203" "--cores" "5" "--app-id" "app-20201117211341-0013" "--worker-url" "spark://Worker@10.8.9.203:37659"
20/11/17 21:14:04 INFO Worker: Asked to kill executor app-20201117211341-0013/0
20/11/17 21:14:04 INFO ExecutorRunner: Runner thread for executor app-20201117211341-0013/0 interrupted
20/11/17 21:14:04 INFO ExecutorRunner: Killing process!
20/11/17 21:14:04 INFO Worker: Executor app-20201117211341-0013/0 finished with state KILLED exitStatus 143
20/11/17 21:14:04 INFO ExternalShuffleBlockResolver: Clean up non-shuffle and non-RDD files associated with the finished executor 0
20/11/17 21:14:04 INFO ExternalShuffleBlockResolver: Executor is not registered (appId=app-20201117211341-0013, execId=0)
20/11/17 21:14:04 INFO ExternalShuffleBlockResolver: Application app-20201117211341-0013 removed, cleanupLocalDirs = true
20/11/17 21:14:04 INFO Worker: Cleaning up local directories for application app-20201117211341-0013
20/11/17 21:16:45 INFO Worker: Asked to launch executor app-20201117211645-0014/0 for Leaves
20/11/17 21:16:45 INFO SecurityManager: Changing view acls to: gitpod
20/11/17 21:16:45 INFO SecurityManager: Changing modify acls to: gitpod
20/11/17 21:16:45 INFO SecurityManager: Changing view acls groups to: 
20/11/17 21:16:45 INFO SecurityManager: Changing modify acls groups to: 
20/11/17 21:16:45 INFO SecurityManager: SecurityManager: authentication disabled; ui acls disabled; users  with view permissions: Set(gitpod); groups with view permissions: Set(); users  with modify permissions: Set(gitpod); groups with modify permissions: Set()
20/11/17 21:16:45 INFO ExecutorRunner: Launch command: "/home/gitpod/.sdkman/candidates/java/current/bin/java" "-cp" "/workspace/cassandra.realtime/spark/spark-3.0.1-bin-hadoop2.7/conf/:/workspace/cassandra.realtime/spark/spark-3.0.1-bin-hadoop2.7/jars/*" "-Xmx1024M" "-Dspark.driver.port=34167" "org.apache.spark.executor.CoarseGrainedExecutorBackend" "--driver-url" "spark://CoarseGrainedScheduler@ws-763ae24b-f444-4ec9-ab04-58a9b208cf41:34167" "--executor-id" "0" "--hostname" "10.8.9.203" "--cores" "5" "--app-id" "app-20201117211645-0014" "--worker-url" "spark://Worker@10.8.9.203:37659"
20/11/17 21:16:49 INFO Worker: Asked to kill executor app-20201117211645-0014/0
20/11/17 21:16:49 INFO ExecutorRunner: Runner thread for executor app-20201117211645-0014/0 interrupted
20/11/17 21:16:49 INFO ExecutorRunner: Killing process!
20/11/17 21:16:49 INFO Worker: Executor app-20201117211645-0014/0 finished with state KILLED exitStatus 143
20/11/17 21:16:49 INFO ExternalShuffleBlockResolver: Clean up non-shuffle and non-RDD files associated with the finished executor 0
20/11/17 21:16:49 INFO ExternalShuffleBlockResolver: Executor is not registered (appId=app-20201117211645-0014, execId=0)
20/11/17 21:16:49 INFO ExternalShuffleBlockResolver: Application app-20201117211645-0014 removed, cleanupLocalDirs = true
20/11/17 21:16:49 INFO Worker: Cleaning up local directories for application app-20201117211645-0014
20/11/17 21:18:41 INFO Worker: Asked to launch executor app-20201117211841-0015/0 for Leaves
20/11/17 21:18:41 INFO SecurityManager: Changing view acls to: gitpod
20/11/17 21:18:41 INFO SecurityManager: Changing modify acls to: gitpod
20/11/17 21:18:41 INFO SecurityManager: Changing view acls groups to: 
20/11/17 21:18:41 INFO SecurityManager: Changing modify acls groups to: 
20/11/17 21:18:41 INFO SecurityManager: SecurityManager: authentication disabled; ui acls disabled; users  with view permissions: Set(gitpod); groups with view permissions: Set(); users  with modify permissions: Set(gitpod); groups with modify permissions: Set()
20/11/17 21:18:42 INFO ExecutorRunner: Launch command: "/home/gitpod/.sdkman/candidates/java/current/bin/java" "-cp" "/workspace/cassandra.realtime/spark/spark-3.0.1-bin-hadoop2.7/conf/:/workspace/cassandra.realtime/spark/spark-3.0.1-bin-hadoop2.7/jars/*" "-Xmx1024M" "-Dspark.driver.port=35335" "org.apache.spark.executor.CoarseGrainedExecutorBackend" "--driver-url" "spark://CoarseGrainedScheduler@ws-763ae24b-f444-4ec9-ab04-58a9b208cf41:35335" "--executor-id" "0" "--hostname" "10.8.9.203" "--cores" "5" "--app-id" "app-20201117211841-0015" "--worker-url" "spark://Worker@10.8.9.203:37659"
20/11/17 21:18:47 INFO Worker: Asked to kill executor app-20201117211841-0015/0
20/11/17 21:18:47 INFO ExecutorRunner: Runner thread for executor app-20201117211841-0015/0 interrupted
20/11/17 21:18:47 INFO ExecutorRunner: Killing process!
20/11/17 21:18:47 INFO Worker: Executor app-20201117211841-0015/0 finished with state KILLED exitStatus 143
20/11/17 21:18:47 INFO ExternalShuffleBlockResolver: Clean up non-shuffle and non-RDD files associated with the finished executor 0
20/11/17 21:18:47 INFO ExternalShuffleBlockResolver: Executor is not registered (appId=app-20201117211841-0015, execId=0)
20/11/17 21:18:47 INFO ExternalShuffleBlockResolver: Application app-20201117211841-0015 removed, cleanupLocalDirs = true
20/11/17 21:18:47 INFO Worker: Cleaning up local directories for application app-20201117211841-0015
20/11/17 21:21:48 INFO Worker: Asked to launch executor app-20201117212148-0016/0 for Leaves
20/11/17 21:21:48 INFO SecurityManager: Changing view acls to: gitpod
20/11/17 21:21:48 INFO SecurityManager: Changing modify acls to: gitpod
20/11/17 21:21:48 INFO SecurityManager: Changing view acls groups to: 
20/11/17 21:21:48 INFO SecurityManager: Changing modify acls groups to: 
20/11/17 21:21:48 INFO SecurityManager: SecurityManager: authentication disabled; ui acls disabled; users  with view permissions: Set(gitpod); groups with view permissions: Set(); users  with modify permissions: Set(gitpod); groups with modify permissions: Set()
20/11/17 21:21:48 INFO ExecutorRunner: Launch command: "/home/gitpod/.sdkman/candidates/java/current/bin/java" "-cp" "/workspace/cassandra.realtime/spark/spark-3.0.1-bin-hadoop2.7/conf/:/workspace/cassandra.realtime/spark/spark-3.0.1-bin-hadoop2.7/jars/*" "-Xmx1024M" "-Dspark.driver.port=46671" "org.apache.spark.executor.CoarseGrainedExecutorBackend" "--driver-url" "spark://CoarseGrainedScheduler@ws-763ae24b-f444-4ec9-ab04-58a9b208cf41:46671" "--executor-id" "0" "--hostname" "10.8.9.203" "--cores" "5" "--app-id" "app-20201117212148-0016" "--worker-url" "spark://Worker@10.8.9.203:37659"
20/11/17 21:21:52 INFO Worker: Asked to kill executor app-20201117212148-0016/0
20/11/17 21:21:52 INFO ExecutorRunner: Runner thread for executor app-20201117212148-0016/0 interrupted
20/11/17 21:21:52 INFO ExecutorRunner: Killing process!
20/11/17 21:21:52 INFO Worker: Executor app-20201117212148-0016/0 finished with state KILLED exitStatus 143
20/11/17 21:21:52 INFO ExternalShuffleBlockResolver: Clean up non-shuffle and non-RDD files associated with the finished executor 0
20/11/17 21:21:52 INFO ExternalShuffleBlockResolver: Executor is not registered (appId=app-20201117212148-0016, execId=0)
20/11/17 21:21:52 INFO ExternalShuffleBlockResolver: Application app-20201117212148-0016 removed, cleanupLocalDirs = true
20/11/17 21:21:52 INFO Worker: Cleaning up local directories for application app-20201117212148-0016
20/11/17 21:23:49 INFO Worker: Asked to launch executor app-20201117212349-0017/0 for Leaves
20/11/17 21:23:49 INFO SecurityManager: Changing view acls to: gitpod
20/11/17 21:23:49 INFO SecurityManager: Changing modify acls to: gitpod
20/11/17 21:23:49 INFO SecurityManager: Changing view acls groups to: 
20/11/17 21:23:49 INFO SecurityManager: Changing modify acls groups to: 
20/11/17 21:23:49 INFO SecurityManager: SecurityManager: authentication disabled; ui acls disabled; users  with view permissions: Set(gitpod); groups with view permissions: Set(); users  with modify permissions: Set(gitpod); groups with modify permissions: Set()
20/11/17 21:23:49 INFO ExecutorRunner: Launch command: "/home/gitpod/.sdkman/candidates/java/current/bin/java" "-cp" "/workspace/cassandra.realtime/spark/spark-3.0.1-bin-hadoop2.7/conf/:/workspace/cassandra.realtime/spark/spark-3.0.1-bin-hadoop2.7/jars/*" "-Xmx1024M" "-Dspark.driver.port=39241" "org.apache.spark.executor.CoarseGrainedExecutorBackend" "--driver-url" "spark://CoarseGrainedScheduler@ws-763ae24b-f444-4ec9-ab04-58a9b208cf41:39241" "--executor-id" "0" "--hostname" "10.8.9.203" "--cores" "5" "--app-id" "app-20201117212349-0017" "--worker-url" "spark://Worker@10.8.9.203:37659"
20/11/17 21:23:54 INFO Worker: Asked to kill executor app-20201117212349-0017/0
20/11/17 21:23:54 INFO ExecutorRunner: Runner thread for executor app-20201117212349-0017/0 interrupted
20/11/17 21:23:54 INFO ExecutorRunner: Killing process!
20/11/17 21:23:54 INFO Worker: Executor app-20201117212349-0017/0 finished with state KILLED exitStatus 143
20/11/17 21:23:54 INFO ExternalShuffleBlockResolver: Clean up non-shuffle and non-RDD files associated with the finished executor 0
20/11/17 21:23:54 INFO ExternalShuffleBlockResolver: Executor is not registered (appId=app-20201117212349-0017, execId=0)
20/11/17 21:23:54 INFO ExternalShuffleBlockResolver: Application app-20201117212349-0017 removed, cleanupLocalDirs = true
20/11/17 21:23:54 INFO Worker: Cleaning up local directories for application app-20201117212349-0017
20/11/17 21:30:23 INFO Worker: Asked to launch executor app-20201117213023-0018/0 for Leaves
20/11/17 21:30:23 INFO SecurityManager: Changing view acls to: gitpod
20/11/17 21:30:23 INFO SecurityManager: Changing modify acls to: gitpod
20/11/17 21:30:23 INFO SecurityManager: Changing view acls groups to: 
20/11/17 21:30:23 INFO SecurityManager: Changing modify acls groups to: 
20/11/17 21:30:23 INFO SecurityManager: SecurityManager: authentication disabled; ui acls disabled; users  with view permissions: Set(gitpod); groups with view permissions: Set(); users  with modify permissions: Set(gitpod); groups with modify permissions: Set()
20/11/17 21:30:23 INFO ExecutorRunner: Launch command: "/home/gitpod/.sdkman/candidates/java/current/bin/java" "-cp" "/workspace/cassandra.realtime/spark/spark-3.0.1-bin-hadoop2.7/conf/:/workspace/cassandra.realtime/spark/spark-3.0.1-bin-hadoop2.7/jars/*" "-Xmx1024M" "-Dspark.driver.port=42403" "org.apache.spark.executor.CoarseGrainedExecutorBackend" "--driver-url" "spark://CoarseGrainedScheduler@ws-763ae24b-f444-4ec9-ab04-58a9b208cf41:42403" "--executor-id" "0" "--hostname" "10.8.9.203" "--cores" "5" "--app-id" "app-20201117213023-0018" "--worker-url" "spark://Worker@10.8.9.203:37659"
20/11/17 21:30:51 INFO Worker: Asked to kill executor app-20201117213023-0018/0
20/11/17 21:30:51 INFO ExecutorRunner: Runner thread for executor app-20201117213023-0018/0 interrupted
20/11/17 21:30:51 INFO ExecutorRunner: Killing process!
20/11/17 21:30:51 INFO Worker: Executor app-20201117213023-0018/0 finished with state KILLED exitStatus 143
20/11/17 21:30:51 INFO ExternalShuffleBlockResolver: Clean up non-shuffle and non-RDD files associated with the finished executor 0
20/11/17 21:30:51 INFO ExternalShuffleBlockResolver: Executor is not registered (appId=app-20201117213023-0018, execId=0)
20/11/17 21:30:51 INFO Worker: Cleaning up local directories for application app-20201117213023-0018
20/11/17 21:30:51 INFO ExternalShuffleBlockResolver: Application app-20201117213023-0018 removed, cleanupLocalDirs = true
20/11/17 21:36:36 INFO Worker: Asked to launch executor app-20201117213636-0019/0 for Leaves
20/11/17 21:36:36 INFO SecurityManager: Changing view acls to: gitpod
20/11/17 21:36:36 INFO SecurityManager: Changing modify acls to: gitpod
20/11/17 21:36:36 INFO SecurityManager: Changing view acls groups to: 
20/11/17 21:36:36 INFO SecurityManager: Changing modify acls groups to: 
20/11/17 21:36:36 INFO SecurityManager: SecurityManager: authentication disabled; ui acls disabled; users  with view permissions: Set(gitpod); groups with view permissions: Set(); users  with modify permissions: Set(gitpod); groups with modify permissions: Set()
20/11/17 21:36:36 INFO ExecutorRunner: Launch command: "/home/gitpod/.sdkman/candidates/java/current/bin/java" "-cp" "/workspace/cassandra.realtime/spark/spark-3.0.1-bin-hadoop2.7/conf/:/workspace/cassandra.realtime/spark/spark-3.0.1-bin-hadoop2.7/jars/*" "-Xmx1024M" "-Dspark.driver.port=34421" "org.apache.spark.executor.CoarseGrainedExecutorBackend" "--driver-url" "spark://CoarseGrainedScheduler@ws-763ae24b-f444-4ec9-ab04-58a9b208cf41:34421" "--executor-id" "0" "--hostname" "10.8.9.203" "--cores" "5" "--app-id" "app-20201117213636-0019" "--worker-url" "spark://Worker@10.8.9.203:37659"
20/11/17 21:37:00 INFO Worker: Asked to kill executor app-20201117213636-0019/0
20/11/17 21:37:00 INFO ExecutorRunner: Runner thread for executor app-20201117213636-0019/0 interrupted
20/11/17 21:37:00 INFO ExecutorRunner: Killing process!
20/11/17 21:37:01 INFO Worker: Executor app-20201117213636-0019/0 finished with state KILLED exitStatus 143
20/11/17 21:37:01 INFO ExternalShuffleBlockResolver: Clean up non-shuffle and non-RDD files associated with the finished executor 0
20/11/17 21:37:01 INFO ExternalShuffleBlockResolver: Executor is not registered (appId=app-20201117213636-0019, execId=0)
20/11/17 21:37:01 INFO ExternalShuffleBlockResolver: Application app-20201117213636-0019 removed, cleanupLocalDirs = true
20/11/17 21:37:01 INFO Worker: Cleaning up local directories for application app-20201117213636-0019
20/11/17 21:38:20 INFO Worker: Asked to launch executor app-20201117213820-0020/0 for Leaves
20/11/17 21:38:20 INFO SecurityManager: Changing view acls to: gitpod
20/11/17 21:38:20 INFO SecurityManager: Changing modify acls to: gitpod
20/11/17 21:38:20 INFO SecurityManager: Changing view acls groups to: 
20/11/17 21:38:20 INFO SecurityManager: Changing modify acls groups to: 
20/11/17 21:38:20 INFO SecurityManager: SecurityManager: authentication disabled; ui acls disabled; users  with view permissions: Set(gitpod); groups with view permissions: Set(); users  with modify permissions: Set(gitpod); groups with modify permissions: Set()
20/11/17 21:38:20 INFO ExecutorRunner: Launch command: "/home/gitpod/.sdkman/candidates/java/current/bin/java" "-cp" "/workspace/cassandra.realtime/spark/spark-3.0.1-bin-hadoop2.7/conf/:/workspace/cassandra.realtime/spark/spark-3.0.1-bin-hadoop2.7/jars/*" "-Xmx1024M" "-Dspark.driver.port=43097" "org.apache.spark.executor.CoarseGrainedExecutorBackend" "--driver-url" "spark://CoarseGrainedScheduler@ws-763ae24b-f444-4ec9-ab04-58a9b208cf41:43097" "--executor-id" "0" "--hostname" "10.8.9.203" "--cores" "5" "--app-id" "app-20201117213820-0020" "--worker-url" "spark://Worker@10.8.9.203:37659"
20/11/17 21:38:38 INFO Worker: Asked to kill executor app-20201117213820-0020/0
20/11/17 21:38:38 INFO ExecutorRunner: Runner thread for executor app-20201117213820-0020/0 interrupted
20/11/17 21:38:38 INFO ExecutorRunner: Killing process!
20/11/17 21:38:38 INFO Worker: Executor app-20201117213820-0020/0 finished with state KILLED exitStatus 143
20/11/17 21:38:38 INFO ExternalShuffleBlockResolver: Clean up non-shuffle and non-RDD files associated with the finished executor 0
20/11/17 21:38:38 INFO ExternalShuffleBlockResolver: Executor is not registered (appId=app-20201117213820-0020, execId=0)
20/11/17 21:38:38 INFO ExternalShuffleBlockResolver: Application app-20201117213820-0020 removed, cleanupLocalDirs = true
20/11/17 21:38:38 INFO Worker: Cleaning up local directories for application app-20201117213820-0020
20/11/17 21:43:41 INFO Worker: Asked to launch executor app-20201117214341-0021/0 for Leaves
20/11/17 21:43:41 INFO SecurityManager: Changing view acls to: gitpod
20/11/17 21:43:41 INFO SecurityManager: Changing modify acls to: gitpod
20/11/17 21:43:41 INFO SecurityManager: Changing view acls groups to: 
20/11/17 21:43:41 INFO SecurityManager: Changing modify acls groups to: 
20/11/17 21:43:41 INFO SecurityManager: SecurityManager: authentication disabled; ui acls disabled; users  with view permissions: Set(gitpod); groups with view permissions: Set(); users  with modify permissions: Set(gitpod); groups with modify permissions: Set()
20/11/17 21:43:41 INFO ExecutorRunner: Launch command: "/home/gitpod/.sdkman/candidates/java/current/bin/java" "-cp" "/workspace/cassandra.realtime/spark/spark-3.0.1-bin-hadoop2.7/conf/:/workspace/cassandra.realtime/spark/spark-3.0.1-bin-hadoop2.7/jars/*" "-Xmx1024M" "-Dspark.driver.port=37327" "org.apache.spark.executor.CoarseGrainedExecutorBackend" "--driver-url" "spark://CoarseGrainedScheduler@ws-763ae24b-f444-4ec9-ab04-58a9b208cf41:37327" "--executor-id" "0" "--hostname" "10.8.9.203" "--cores" "5" "--app-id" "app-20201117214341-0021" "--worker-url" "spark://Worker@10.8.9.203:37659"
20/11/17 21:43:59 INFO Worker: Asked to kill executor app-20201117214341-0021/0
20/11/17 21:43:59 INFO ExecutorRunner: Runner thread for executor app-20201117214341-0021/0 interrupted
20/11/17 21:43:59 INFO ExecutorRunner: Killing process!
20/11/17 21:44:00 INFO Worker: Executor app-20201117214341-0021/0 finished with state KILLED exitStatus 143
20/11/17 21:44:00 INFO ExternalShuffleBlockResolver: Clean up non-shuffle and non-RDD files associated with the finished executor 0
20/11/17 21:44:00 INFO ExternalShuffleBlockResolver: Executor is not registered (appId=app-20201117214341-0021, execId=0)
20/11/17 21:44:00 INFO ExternalShuffleBlockResolver: Application app-20201117214341-0021 removed, cleanupLocalDirs = true
20/11/17 21:44:00 INFO Worker: Cleaning up local directories for application app-20201117214341-0021
